<?xml version="1.0" encoding="UTF-8"?>
<!-- Generated by org.testng.reporters.JUnitReportReporter -->
<testsuite skipped="0" hostname="invlko047-Latitude-7490" name="Display2.ScreenSaverTest" tests="1" failures="0" timestamp="2023-03-15T16:33:38 IST" time="23.625" errors="0">
  <testcase name="DisplayTest" time="23.625" classname="Display2.ScreenSaverTest"/>
  <system-out/>
</testsuite> <!-- Display2.ScreenSaverTest -->
