<?xml version="1.0" encoding="UTF-8"?>
<!-- Generated by org.testng.reporters.JUnitReportReporter -->
<testsuite skipped="0" hostname="invlko047-Latitude-7490" name="Accessibility2.AcessibilityMenu_SwitchAccess_Autoclick_PowerButtonsEndsCall_AutoRotateScreen_TouchAndHoldDelayTimeToTakeAction_VibrationAndHapticStrength_SystemNavigation_Tests" tests="1" failures="0" timestamp="2023-03-15T16:33:38 IST" time="131.458" errors="0">
  <testcase name="AcessibilityMenu_SwitchAccess_Autoclick_PowerButtonsEndsCall_AutoRotateScreen_TouchAndHoldDelayTimeToTakeAction_VibrationAndHapticStrength_SystemNavigation_Test" time="131.458" classname="Accessibility2.AcessibilityMenu_SwitchAccess_Autoclick_PowerButtonsEndsCall_AutoRotateScreen_TouchAndHoldDelayTimeToTakeAction_VibrationAndHapticStrength_SystemNavigation_Tests"/>
  <system-out/>
</testsuite> <!-- Accessibility2.AcessibilityMenu_SwitchAccess_Autoclick_PowerButtonsEndsCall_AutoRotateScreen_TouchAndHoldDelayTimeToTakeAction_VibrationAndHapticStrength_SystemNavigation_Tests -->
