<?xml version="1.0" encoding="UTF-8"?>
<!-- Generated by org.testng.reporters.JUnitReportReporter -->
<testsuite skipped="0" hostname="invlko047-Latitude-7490" name="ConnectionPreferences.NearbyShare" tests="1" failures="0" timestamp="2023-03-15T16:33:38 IST" time="89.514" errors="0">
  <testcase name="NearbyShareTest" time="89.514" classname="ConnectionPreferences.NearbyShare"/>
  <system-out/>
</testsuite> <!-- ConnectionPreferences.NearbyShare -->
