<?xml version="1.0" encoding="UTF-8"?>
<!-- Generated by org.testng.reporters.JUnitReportReporter -->
<testsuite skipped="0" hostname="invlko047-Latitude-7490" name="NetworkAndInternet.Airplane_mode_OnOff" tests="1" failures="0" timestamp="2023-03-15T16:33:38 IST" time="19.394" errors="0">
  <testcase name="AirplaneModeTest" time="19.394" classname="NetworkAndInternet.Airplane_mode_OnOff"/>
  <system-out/>
</testsuite> <!-- NetworkAndInternet.Airplane_mode_OnOff -->
