<?xml version="1.0" encoding="UTF-8"?>
<!-- Generated by org.testng.reporters.JUnitReportReporter -->
<testsuite skipped="0" hostname="invlko047-Latitude-7490" name="Calculator.CalculateNumbers" tests="1" failures="0" timestamp="2023-03-15T16:33:38 IST" time="37.662" errors="0">
  <testcase name="CalculatorTest" time="37.662" classname="Calculator.CalculateNumbers"/>
  <system-out/>
</testsuite> <!-- Calculator.CalculateNumbers -->
