<?xml version="1.0" encoding="UTF-8"?>
<!-- Generated by org.testng.reporters.JUnitReportReporter -->
<testsuite skipped="0" hostname="invlko047-Latitude-7490" name="Storage.PhotosAndVideos_MusicAndAudio_Games_MoviesAndTVApps_OtherApps_Files_System_Tests" tests="1" failures="0" timestamp="2023-03-15T16:33:38 IST" time="71.811" errors="0">
  <testcase name="PhotosAndVideos_MusicAndAudio_Games_MoviesAndTVApps_OtherApps_Files_System_Test" time="71.811" classname="Storage.PhotosAndVideos_MusicAndAudio_Games_MoviesAndTVApps_OtherApps_Files_System_Tests"/>
  <system-out/>
</testsuite> <!-- Storage.PhotosAndVideos_MusicAndAudio_Games_MoviesAndTVApps_OtherApps_Files_System_Tests -->
