<?xml version="1.0" encoding="UTF-8"?>
<!-- Generated by org.testng.reporters.JUnitReportReporter -->
<testsuite skipped="0" hostname="invlko047-Latitude-7490" name="Display.AdjustScreenBrightnesslevel_Darktheme_NightLight_Screentimeout_AutoRotateScreen_FontSize_DisplaySize_Tests" tests="1" failures="0" timestamp="2023-03-15T16:33:38 IST" time="57.613" errors="0">
  <testcase name="DisplayTest" time="57.613" classname="Display.AdjustScreenBrightnesslevel_Darktheme_NightLight_Screentimeout_AutoRotateScreen_FontSize_DisplaySize_Tests"/>
  <system-out/>
</testsuite> <!-- Display.AdjustScreenBrightnesslevel_Darktheme_NightLight_Screentimeout_AutoRotateScreen_FontSize_DisplaySize_Tests -->
