<?xml version="1.0" encoding="UTF-8"?>
<!-- Generated by org.testng.reporters.JUnitReportReporter -->
<testsuite skipped="0" hostname="invlko047-Latitude-7490" name="Sound.MediaVolumeCallVolumeRingAndNotificationVolumeAlarmVolumeTests" tests="1" failures="0" timestamp="2023-03-15T16:33:38 IST" time="58.119" errors="0">
  <testcase name="MediaVolumeCallVolumeRingAndNotificationVolumeAlarmVolumeTest" time="58.119" classname="Sound.MediaVolumeCallVolumeRingAndNotificationVolumeAlarmVolumeTests"/>
  <system-out/>
</testsuite> <!-- Sound.MediaVolumeCallVolumeRingAndNotificationVolumeAlarmVolumeTests -->
