<?xml version="1.0" encoding="UTF-8"?>
<!-- Generated by org.testng.reporters.JUnitReportReporter -->
<testsuite skipped="0" hostname="invlko047-Latitude-7490" name="Security.SecurityUpdate_FindMyDevice_ScreenLock_SmartLock_DeviceAdminApps_EncryptionAndCredentials_TrustAgents_AppPinning_Tests" tests="1" failures="0" timestamp="2023-03-15T16:33:38 IST" time="95.549" errors="0">
  <testcase name="SecurityUpdate_FindMyDevice_ScreenLock_SmartLock_DeviceAdminApps_EncryptionAndCredentials_TrustAgents_AppPinning_Test" time="95.549" classname="Security.SecurityUpdate_FindMyDevice_ScreenLock_SmartLock_DeviceAdminApps_EncryptionAndCredentials_TrustAgents_AppPinning_Tests"/>
  <system-out/>
</testsuite> <!-- Security.SecurityUpdate_FindMyDevice_ScreenLock_SmartLock_DeviceAdminApps_EncryptionAndCredentials_TrustAgents_AppPinning_Tests -->
