<?xml version="1.0" encoding="UTF-8"?>
<!-- Generated by org.testng.reporters.JUnitReportReporter -->
<testsuite skipped="0" hostname="invlko047-Latitude-7490" name="AppsAndNotifications2.Screentime" tests="1" failures="0" timestamp="2023-03-15T16:33:38 IST" time="199.333" errors="0">
  <testcase name="ScreentimeTest" time="199.333" classname="AppsAndNotifications2.Screentime"/>
  <system-out/>
</testsuite> <!-- AppsAndNotifications2.Screentime -->
