<?xml version="1.0" encoding="UTF-8"?>
<!-- Generated by org.testng.reporters.JUnitReportReporter -->
<testsuite skipped="0" hostname="invlko047-Latitude-7490" name="AppsAndNotifications3.Defaultapps" tests="1" failures="0" timestamp="2023-03-15T16:33:38 IST" time="84.911" errors="0">
  <testcase name="DefaultappsTest" time="84.911" classname="AppsAndNotifications3.Defaultapps"/>
  <system-out/>
</testsuite> <!-- AppsAndNotifications3.Defaultapps -->
