<?xml version="1.0" encoding="UTF-8"?>
<!-- Generated by org.testng.reporters.JUnitReportReporter -->
<testsuite skipped="0" hostname="invlko047-Latitude-7490" name="DuraSpeed.DuraSpeedAndApps_ToggleButtonOnOff_Tests" tests="1" failures="0" timestamp="2023-03-15T16:33:38 IST" time="44.580" errors="0">
  <testcase name="DuraSpeedAndApps_ToggleButtonOnOff_Test" time="44.580" classname="DuraSpeed.DuraSpeedAndApps_ToggleButtonOnOff_Tests"/>
  <system-out/>
</testsuite> <!-- DuraSpeed.DuraSpeedAndApps_ToggleButtonOnOff_Tests -->
