<?xml version="1.0" encoding="UTF-8"?>
<!-- Generated by org.testng.reporters.JUnitReportReporter -->
<testsuite skipped="0" hostname="invlko047-Latitude-7490" name="Accounts.AutomaticallySyncAppData" tests="1" failures="0" timestamp="2023-03-15T16:33:38 IST" time="39.432" errors="0">
  <testcase name="AutomaticallySyncAppDataTest" time="39.432" classname="Accounts.AutomaticallySyncAppData"/>
  <system-out/>
</testsuite> <!-- Accounts.AutomaticallySyncAppData -->
