<?xml version="1.0" encoding="UTF-8"?>
<!-- Generated by org.testng.reporters.JUnitReportReporter -->
<testsuite skipped="0" hostname="invlko047-Latitude-7490" name="Sound2.DoNotDisturb_Media_ShortcutToPreventRinging_PhoneRingtone_DefaultNotificationSound_DefaultAlarmSound_Tests" tests="1" failures="0" timestamp="2023-03-15T16:33:38 IST" time="361.037" errors="0">
  <testcase name="DoNotDisturb_Media_ShortcutToPreventRinging_PhoneRingtone_DefaultNotificationSound_DefaultAlarmSoundTests" time="361.037" classname="Sound2.DoNotDisturb_Media_ShortcutToPreventRinging_PhoneRingtone_DefaultNotificationSound_DefaultAlarmSound_Tests"/>
  <system-out/>
</testsuite> <!-- Sound2.DoNotDisturb_Media_ShortcutToPreventRinging_PhoneRingtone_DefaultNotificationSound_DefaultAlarmSound_Tests -->
