<?xml version="1.0" encoding="UTF-8"?>
<!-- Generated by org.testng.reporters.JUnitReportReporter -->
<testsuite skipped="0" hostname="invlko047-Latitude-7490" name="AboutTablet.DeviceName_EmergencyInformation_LegalInformation_ModelAndHardware_AndroidVersion_WiFiMacAddress_CustomBuildVersion_BuildNumber_SoftwareUpdates_Tests" tests="1" failures="0" timestamp="2023-03-15T16:33:38 IST" time="129.686" errors="0">
  <testcase name="DeviceName_EmergencyInformation_LegalInformation_ModelAndHardware_AndroidVersion_WiFiMacAddress_CustomBuildVersion_BuildNumber_SoftwareUpdates_Test" time="129.686" classname="AboutTablet.DeviceName_EmergencyInformation_LegalInformation_ModelAndHardware_AndroidVersion_WiFiMacAddress_CustomBuildVersion_BuildNumber_SoftwareUpdates_Tests"/>
  <system-out/>
</testsuite> <!-- AboutTablet.DeviceName_EmergencyInformation_LegalInformation_ModelAndHardware_AndroidVersion_WiFiMacAddress_CustomBuildVersion_BuildNumber_SoftwareUpdates_Tests -->
