<?xml version="1.0" encoding="UTF-8"?>
<!-- Generated by org.testng.reporters.JUnitReportReporter -->
<testsuite skipped="0" hostname="invlko047-Latitude-7490" name="Battery.BatterySaver_BatteryManager_BatteryPercentage" tests="1" failures="0" timestamp="2023-03-15T16:33:38 IST" time="36.067" errors="0">
  <testcase name="BatterySaver_BatteryManager_BatteryPercentageTest" time="36.067" classname="Battery.BatterySaver_BatteryManager_BatteryPercentage"/>
  <system-out/>
</testsuite> <!-- Battery.BatterySaver_BatteryManager_BatteryPercentage -->
