<?xml version="1.0" encoding="UTF-8"?>
<!-- Generated by org.testng.reporters.JUnitReportReporter -->
<testsuite skipped="0" hostname="invlko047-Latitude-7490" name="HotspotAndTethering.WiFi_USB_Bluetooth_tethering" tests="1" failures="0" timestamp="2023-03-15T16:33:38 IST" time="24.184" errors="0">
  <testcase name="WiFi_USB_Bluetooth_Tethering_Test" time="24.184" classname="HotspotAndTethering.WiFi_USB_Bluetooth_tethering"/>
  <system-out/>
</testsuite> <!-- HotspotAndTethering.WiFi_USB_Bluetooth_tethering -->
