<?xml version="1.0" encoding="UTF-8"?>
<!-- Generated by org.testng.reporters.JUnitReportReporter -->
<testsuite skipped="0" hostname="invlko047-Latitude-7490" name="ConnectionPreferences2.AndroidAuto" tests="1" failures="0" timestamp="2023-03-15T16:33:38 IST" time="219.680" errors="0">
  <testcase name="AndroidAutoTest" time="219.680" classname="ConnectionPreferences2.AndroidAuto"/>
  <system-out/>
</testsuite> <!-- ConnectionPreferences2.AndroidAuto -->
