<?xml version="1.0" encoding="UTF-8"?>
<!-- Generated by org.testng.reporters.JUnitReportReporter -->
<testsuite skipped="0" hostname="invlko047-Latitude-7490" name="System2.DeveloperOptionsTest" tests="1" failures="0" timestamp="2023-03-15T16:33:38 IST" time="167.566" errors="0">
  <testcase name="DeveloperOptions_Test" time="167.566" classname="System2.DeveloperOptionsTest"/>
  <system-out/>
</testsuite> <!-- System2.DeveloperOptionsTest -->
