<?xml version="1.0" encoding="UTF-8"?>
<!-- Generated by org.testng.reporters.JUnitReportReporter -->
<testsuite skipped="0" hostname="invlko047-Latitude-7490" name="DigitalWellbeingAndParantelControls.Dashboard_BedtimeMode_FocusMode_ManageNotification_DoNotDisturb_HeadsUP_ShowIconInTheAppList_Tests" tests="1" failures="0" timestamp="2023-03-15T16:33:38 IST" time="537.580" errors="0">
  <testcase name="Dashboard_BedtimeMode_FocusMode_ManageNotification_DoNotDisturb_HeadsUP_ShowIconInTheAppList_Test" time="537.580" classname="DigitalWellbeingAndParantelControls.Dashboard_BedtimeMode_FocusMode_ManageNotification_DoNotDisturb_HeadsUP_ShowIconInTheAppList_Tests"/>
  <system-out/>
</testsuite> <!-- DigitalWellbeingAndParantelControls.Dashboard_BedtimeMode_FocusMode_ManageNotification_DoNotDisturb_HeadsUP_ShowIconInTheAppList_Tests -->
