<?xml version="1.0" encoding="UTF-8"?>
<!-- Generated by org.testng.reporters.JUnitReportReporter -->
<testsuite skipped="0" hostname="invlko047-Latitude-7490" name="Bluetooth.BluetoothToggleButtonOnOff" tests="1" failures="0" timestamp="2023-03-15T16:33:38 IST" time="24.368" errors="0">
  <testcase name="BluetoothTest" time="24.368" classname="Bluetooth.BluetoothToggleButtonOnOff"/>
  <system-out/>
</testsuite> <!-- Bluetooth.BluetoothToggleButtonOnOff -->
