<?xml version="1.0" encoding="UTF-8"?>
<!-- Generated by org.testng.reporters.JUnitReportReporter -->
<testsuite skipped="0" hostname="invlko047-Latitude-7490" name="Google.Ads_Autofill_Backup_DevicesAndSharing_FindMyDevice_MobileDataAndMessaging_ParentalControls_PersonalizeUsingSharedData_SetupAndRestore_FirebaseAppIndexing_Tests" tests="1" failures="0" timestamp="2023-03-15T16:33:38 IST" time="208.559" errors="0">
  <testcase name="Ads_Autofill_Backup_DevicesAndSharing_FindMyDevice_MobileDataAndMessaging_ParentalControls_PersonalizeUsingSharedData_SetupAndRestore_FirebaseAppIndexing_Test" time="208.559" classname="Google.Ads_Autofill_Backup_DevicesAndSharing_FindMyDevice_MobileDataAndMessaging_ParentalControls_PersonalizeUsingSharedData_SetupAndRestore_FirebaseAppIndexing_Tests"/>
  <system-out/>
</testsuite> <!-- Google.Ads_Autofill_Backup_DevicesAndSharing_FindMyDevice_MobileDataAndMessaging_ParentalControls_PersonalizeUsingSharedData_SetupAndRestore_FirebaseAppIndexing_Tests -->
