<?xml version="1.0" encoding="UTF-8"?>
<!-- Generated by org.testng.reporters.JUnitReportReporter -->
<testsuite skipped="0" hostname="invlko047-Latitude-7490" name="Privacy.PermissionManager_ShowPasswords_NotificatonOnLockScreen_AutofillServiceFromGoogle_GoogleLocationHistory_ActivityControls_Ads_UsageAndDiagnostics_Tests" tests="1" failures="0" timestamp="2023-03-15T16:33:38 IST" time="107.850" errors="0">
  <testcase name="PermissionManager_ShowPasswords_NotificatonOnLockScreen_AutofillServiceFromGoogle_GoogleLocationHistory_ActivityControls_Ads_UsageAndDiagnosticsTests" time="107.850" classname="Privacy.PermissionManager_ShowPasswords_NotificatonOnLockScreen_AutofillServiceFromGoogle_GoogleLocationHistory_ActivityControls_Ads_UsageAndDiagnostics_Tests"/>
  <system-out/>
</testsuite> <!-- Privacy.PermissionManager_ShowPasswords_NotificatonOnLockScreen_AutofillServiceFromGoogle_GoogleLocationHistory_ActivityControls_Ads_UsageAndDiagnostics_Tests -->
