<?xml version="1.0" encoding="UTF-8"?>
<!-- Generated by org.testng.reporters.JUnitReportReporter -->
<testsuite skipped="0" hostname="invlko047-Latitude-7490" name="PrivateDNS.SelectDNSMode" tests="1" failures="0" timestamp="2023-03-15T16:33:38 IST" time="27.289" errors="0">
  <testcase name="DNSModeTest" time="27.289" classname="PrivateDNS.SelectDNSMode"/>
  <system-out/>
</testsuite> <!-- PrivateDNS.SelectDNSMode -->
