<?xml version="1.0" encoding="UTF-8"?>
<!-- Generated by org.testng.reporters.JUnitReportReporter -->
<testsuite hostname="invlko047-Latitude-7490" failures="0" tests="1" name="I2C.I2CAutomation" time="74.274" errors="0" timestamp="2024-01-16T18:34:30 IST" skipped="0">
  <testcase classname="I2C.I2CAutomation" name="ControllerI2CTesting" time="74.274"/>
  <system-out/>
</testsuite> <!-- I2C.I2CAutomation -->
