<?xml version="1.0" encoding="UTF-8"?>
<!-- Generated by org.testng.reporters.JUnitReportReporter -->
<testsuite hostname="invlko047-Latitude-7490" failures="0" tests="1" name="Display2.ScreenSaverTest" time="25.419" errors="0" timestamp="2023-03-15T12:11:37 IST" skipped="0">
  <testcase classname="Display2.ScreenSaverTest" name="DisplayTest" time="25.419"/>
  <system-out/>
</testsuite> <!-- Display2.ScreenSaverTest -->
