<?xml version="1.0" encoding="UTF-8"?>
<!-- Generated by org.testng.reporters.JUnitReportReporter -->
<testsuite hostname="invlko047-Latitude-7490" failures="0" tests="1" name="System.LanguageAndInput_Gestures_DateAndTime_Backup_ResetOptions_MultipleUsers_SystemUpdate_Tests" time="499.036" errors="0" timestamp="2023-03-15T13:05:37 IST" skipped="0">
  <testcase classname="System.LanguageAndInput_Gestures_DateAndTime_Backup_ResetOptions_MultipleUsers_SystemUpdate_Tests" name="LanguageAndInput_Gestures_DateAndTime_Backup_ResetOptions_MultipleUsers_SystemUpdate_Test" time="499.036"/>
  <system-out/>
</testsuite> <!-- System.LanguageAndInput_Gestures_DateAndTime_Backup_ResetOptions_MultipleUsers_SystemUpdate_Tests -->
