<?xml version="1.0" encoding="UTF-8"?>
<!-- Generated by org.testng.reporters.JUnitReportReporter -->
<testsuite hostname="invlko047-Latitude-7490" failures="0" tests="1" name="Storage.PhotosAndVideos_MusicAndAudio_Games_MoviesAndTVApps_OtherApps_Files_System_Tests" time="75.360" errors="0" timestamp="2023-03-15T12:52:14 IST" skipped="0">
  <testcase classname="Storage.PhotosAndVideos_MusicAndAudio_Games_MoviesAndTVApps_OtherApps_Files_System_Tests" name="PhotosAndVideos_MusicAndAudio_Games_MoviesAndTVApps_OtherApps_Files_System_Test" time="75.360"/>
  <system-out/>
</testsuite> <!-- Storage.PhotosAndVideos_MusicAndAudio_Games_MoviesAndTVApps_OtherApps_Files_System_Tests -->
