<?xml version="1.0" encoding="UTF-8"?>
<!-- Generated by org.testng.reporters.JUnitReportReporter -->
<testsuite skipped="0" hostname="aditya" name="pages2.TestSuite2" tests="1" failures="0" timestamp="2022-02-18T17:58:16 IST" time="75.775" errors="0">
  <testcase name="ClockTest" time="75.775" classname="pages2.TestSuite2"/>
  <system-out/>
</testsuite> <!-- pages2.TestSuite2 -->
