<?xml version="1.0" encoding="UTF-8"?>
<!-- Generated by org.testng.reporters.JUnitReportReporter -->
<testsuite skipped="11" hostname="aditya" name="tests.MyApplicationsTesting" tests="13" failures="0" timestamp="2022-02-17T11:28:33 IST" time="127.674" errors="2">
  <testcase name="simpleTest" time="127.624" classname="tests.MyApplicationsTesting">
    <skipped/>
  </testcase> <!-- simpleTest -->
  <system-out/>
  <testcase name="Teardown" time="0.015" classname="tests.MyApplicationsTesting">
    <error type="org.openqa.selenium.NoSuchSessionException" message="A session is either terminated or not started
Build info: version: &#039;3.141.59&#039;, revision: &#039;e82be7d358&#039;, time: &#039;2018-11-14T08:17:03&#039;
System info: host: &#039;aditya&#039;, ip: &#039;172.17.0.1&#039;, os.name: &#039;Linux&#039;, os.arch: &#039;amd64&#039;, os.version: &#039;5.13.0-28-generic&#039;, java.version: &#039;1.8.0_312&#039;
Driver info: io.appium.java_client.AppiumDriver
Capabilities {appActivity: com.android.settings.MiuiSe..., appPackage: com.android.settings, automationName: UiAutomator2, clearSystemFiles: false, databaseEnabled: false, desired: {appActivity: com.android.settings.MiuiSe..., appPackage: com.android.settings, automationName: UiAutomator2, clearSystemFiles: false, deviceName: Redmi 6A, fullReset: false, noReset: true, platformName: android, platformVersion: 9PPR1.180610.011, skipServerInstallation: true, udid: c3c7c64f7d26}, deviceApiLevel: 28, deviceManufacturer: Xiaomi, deviceModel: Redmi 6A, deviceName: c3c7c64f7d26, deviceScreenDensity: 320, deviceScreenSize: 720x1440, deviceUDID: c3c7c64f7d26, fullReset: false, javascriptEnabled: true, locationContextEnabled: false, networkConnectionEnabled: true, noReset: true, pixelRatio: 2, platform: LINUX, platformName: Android, platformVersion: 9, skipServerInstallation: true, statBarHeight: 48, takesScreenshot: true, udid: c3c7c64f7d26, viewportRect: {height: 1296, left: 0, top: 48, width: 720}, warnings: {}, webStorageEnabled: false}
Session ID: caa4d872-4a99-4ef6-a780-dff71e813008">
      <![CDATA[org.openqa.selenium.NoSuchSessionException: A session is either terminated or not started
Build info: version: '3.141.59', revision: 'e82be7d358', time: '2018-11-14T08:17:03'
System info: host: 'aditya', ip: '172.17.0.1', os.name: 'Linux', os.arch: 'amd64', os.version: '5.13.0-28-generic', java.version: '1.8.0_312'
Driver info: io.appium.java_client.AppiumDriver
Capabilities {appActivity: com.android.settings.MiuiSe..., appPackage: com.android.settings, automationName: UiAutomator2, clearSystemFiles: false, databaseEnabled: false, desired: {appActivity: com.android.settings.MiuiSe..., appPackage: com.android.settings, automationName: UiAutomator2, clearSystemFiles: false, deviceName: Redmi 6A, fullReset: false, noReset: true, platformName: android, platformVersion: 9PPR1.180610.011, skipServerInstallation: true, udid: c3c7c64f7d26}, deviceApiLevel: 28, deviceManufacturer: Xiaomi, deviceModel: Redmi 6A, deviceName: c3c7c64f7d26, deviceScreenDensity: 320, deviceScreenSize: 720x1440, deviceUDID: c3c7c64f7d26, fullReset: false, javascriptEnabled: true, locationContextEnabled: false, networkConnectionEnabled: true, noReset: true, pixelRatio: 2, platform: LINUX, platformName: Android, platformVersion: 9, skipServerInstallation: true, statBarHeight: 48, takesScreenshot: true, udid: c3c7c64f7d26, viewportRect: {height: 1296, left: 0, top: 48, width: 720}, warnings: {}, webStorageEnabled: false}
Session ID: caa4d872-4a99-4ef6-a780-dff71e813008
at sun.reflect.NativeConstructorAccessorImpl.newInstance0(Native Method)
at sun.reflect.NativeConstructorAccessorImpl.newInstance(NativeConstructorAccessorImpl.java:62)
at sun.reflect.DelegatingConstructorAccessorImpl.newInstance(DelegatingConstructorAccessorImpl.java:45)
at java.lang.reflect.Constructor.newInstance(Constructor.java:423)
at org.openqa.selenium.remote.http.W3CHttpResponseCodec.createException(W3CHttpResponseCodec.java:187)
at org.openqa.selenium.remote.http.W3CHttpResponseCodec.decode(W3CHttpResponseCodec.java:122)
at org.openqa.selenium.remote.http.W3CHttpResponseCodec.decode(W3CHttpResponseCodec.java:49)
at org.openqa.selenium.remote.HttpCommandExecutor.execute(HttpCommandExecutor.java:158)
at io.appium.java_client.remote.AppiumCommandExecutor.execute(AppiumCommandExecutor.java:250)
at org.openqa.selenium.remote.RemoteWebDriver.execute(RemoteWebDriver.java:552)
at io.appium.java_client.DefaultGenericMobileDriver.execute(DefaultGenericMobileDriver.java:45)
at io.appium.java_client.AppiumDriver.execute(AppiumDriver.java:1)
at org.openqa.selenium.remote.RemoteWebDriver.quit(RemoteWebDriver.java:452)
at tests.BaseClass.Teardown(BaseClass.java:226)
at sun.reflect.NativeMethodAccessorImpl.invoke0(Native Method)
at sun.reflect.NativeMethodAccessorImpl.invoke(NativeMethodAccessorImpl.java:62)
at sun.reflect.DelegatingMethodAccessorImpl.invoke(DelegatingMethodAccessorImpl.java:43)
at java.lang.reflect.Method.invoke(Method.java:498)
at org.testng.internal.MethodInvocationHelper.invokeMethod(MethodInvocationHelper.java:133)
at org.testng.internal.MethodInvocationHelper.invokeMethodConsideringTimeout(MethodInvocationHelper.java:62)
at org.testng.internal.ConfigInvoker.invokeConfigurationMethod(ConfigInvoker.java:385)
at org.testng.internal.ConfigInvoker.invokeConfigurations(ConfigInvoker.java:321)
at org.testng.internal.TestInvoker.runConfigMethods(TestInvoker.java:700)
at org.testng.internal.TestInvoker.runAfterGroupsConfigurations(TestInvoker.java:676)
at org.testng.internal.TestInvoker.invokeMethod(TestInvoker.java:660)
at org.testng.internal.TestInvoker.invokeTestMethod(TestInvoker.java:173)
at org.testng.internal.MethodRunner.runInSequence(MethodRunner.java:46)
at org.testng.internal.TestInvoker$MethodInvocationAgent.invoke(TestInvoker.java:824)
at org.testng.internal.TestInvoker.invokeTestMethods(TestInvoker.java:146)
at org.testng.internal.TestMethodWorker.invokeTestMethods(TestMethodWorker.java:146)
at org.testng.internal.TestMethodWorker.run(TestMethodWorker.java:128)
at java.util.ArrayList.forEach(ArrayList.java:1259)
at org.testng.TestRunner.privateRun(TestRunner.java:794)
at org.testng.TestRunner.run(TestRunner.java:596)
at org.testng.SuiteRunner.runTest(SuiteRunner.java:377)
at org.testng.SuiteRunner.runSequentially(SuiteRunner.java:371)
at org.testng.SuiteRunner.privateRun(SuiteRunner.java:332)
at org.testng.SuiteRunner.run(SuiteRunner.java:276)
at org.testng.SuiteRunnerWorker.runSuite(SuiteRunnerWorker.java:53)
at org.testng.SuiteRunnerWorker.run(SuiteRunnerWorker.java:96)
at org.testng.TestNG.runSuitesSequentially(TestNG.java:1212)
at org.testng.TestNG.runSuitesLocally(TestNG.java:1134)
at org.testng.TestNG.runSuites(TestNG.java:1063)
at org.testng.TestNG.run(TestNG.java:1031)
at org.testng.remote.AbstractRemoteTestNG.run(AbstractRemoteTestNG.java:115)
at org.testng.remote.RemoteTestNG.initAndRun(RemoteTestNG.java:251)
at org.testng.remote.RemoteTestNG.main(RemoteTestNG.java:77)
]]>
    </error>
  </testcase> <!-- Teardown -->
  <system-out/>
  <testcase name="BluetoothTest" time="0.035" classname="tests.MyApplicationsTesting">
    <error type="org.openqa.selenium.NoSuchSessionException" message="A session is either terminated or not started
Build info: version: &#039;3.141.59&#039;, revision: &#039;e82be7d358&#039;, time: &#039;2018-11-14T08:17:03&#039;
System info: host: &#039;aditya&#039;, ip: &#039;172.17.0.1&#039;, os.name: &#039;Linux&#039;, os.arch: &#039;amd64&#039;, os.version: &#039;5.13.0-28-generic&#039;, java.version: &#039;1.8.0_312&#039;
Driver info: io.appium.java_client.AppiumDriver
Capabilities {appActivity: com.android.settings.MiuiSe..., appPackage: com.android.settings, automationName: UiAutomator2, clearSystemFiles: false, databaseEnabled: false, desired: {appActivity: com.android.settings.MiuiSe..., appPackage: com.android.settings, automationName: UiAutomator2, clearSystemFiles: false, deviceName: Redmi 6A, fullReset: false, noReset: true, platformName: android, platformVersion: 9PPR1.180610.011, skipServerInstallation: true, udid: c3c7c64f7d26}, deviceApiLevel: 28, deviceManufacturer: Xiaomi, deviceModel: Redmi 6A, deviceName: c3c7c64f7d26, deviceScreenDensity: 320, deviceScreenSize: 720x1440, deviceUDID: c3c7c64f7d26, fullReset: false, javascriptEnabled: true, locationContextEnabled: false, networkConnectionEnabled: true, noReset: true, pixelRatio: 2, platform: LINUX, platformName: Android, platformVersion: 9, skipServerInstallation: true, statBarHeight: 48, takesScreenshot: true, udid: c3c7c64f7d26, viewportRect: {height: 1296, left: 0, top: 48, width: 720}, warnings: {}, webStorageEnabled: false}
Session ID: caa4d872-4a99-4ef6-a780-dff71e813008">
      <![CDATA[org.openqa.selenium.NoSuchSessionException: A session is either terminated or not started
Build info: version: '3.141.59', revision: 'e82be7d358', time: '2018-11-14T08:17:03'
System info: host: 'aditya', ip: '172.17.0.1', os.name: 'Linux', os.arch: 'amd64', os.version: '5.13.0-28-generic', java.version: '1.8.0_312'
Driver info: io.appium.java_client.AppiumDriver
Capabilities {appActivity: com.android.settings.MiuiSe..., appPackage: com.android.settings, automationName: UiAutomator2, clearSystemFiles: false, databaseEnabled: false, desired: {appActivity: com.android.settings.MiuiSe..., appPackage: com.android.settings, automationName: UiAutomator2, clearSystemFiles: false, deviceName: Redmi 6A, fullReset: false, noReset: true, platformName: android, platformVersion: 9PPR1.180610.011, skipServerInstallation: true, udid: c3c7c64f7d26}, deviceApiLevel: 28, deviceManufacturer: Xiaomi, deviceModel: Redmi 6A, deviceName: c3c7c64f7d26, deviceScreenDensity: 320, deviceScreenSize: 720x1440, deviceUDID: c3c7c64f7d26, fullReset: false, javascriptEnabled: true, locationContextEnabled: false, networkConnectionEnabled: true, noReset: true, pixelRatio: 2, platform: LINUX, platformName: Android, platformVersion: 9, skipServerInstallation: true, statBarHeight: 48, takesScreenshot: true, udid: c3c7c64f7d26, viewportRect: {height: 1296, left: 0, top: 48, width: 720}, warnings: {}, webStorageEnabled: false}
Session ID: caa4d872-4a99-4ef6-a780-dff71e813008
at sun.reflect.NativeConstructorAccessorImpl.newInstance0(Native Method)
at sun.reflect.NativeConstructorAccessorImpl.newInstance(NativeConstructorAccessorImpl.java:62)
at sun.reflect.DelegatingConstructorAccessorImpl.newInstance(DelegatingConstructorAccessorImpl.java:45)
at java.lang.reflect.Constructor.newInstance(Constructor.java:423)
at org.openqa.selenium.remote.http.W3CHttpResponseCodec.createException(W3CHttpResponseCodec.java:187)
at org.openqa.selenium.remote.http.W3CHttpResponseCodec.decode(W3CHttpResponseCodec.java:122)
at org.openqa.selenium.remote.http.W3CHttpResponseCodec.decode(W3CHttpResponseCodec.java:49)
at org.openqa.selenium.remote.HttpCommandExecutor.execute(HttpCommandExecutor.java:158)
at io.appium.java_client.remote.AppiumCommandExecutor.execute(AppiumCommandExecutor.java:250)
at org.openqa.selenium.remote.RemoteWebDriver.execute(RemoteWebDriver.java:552)
at io.appium.java_client.DefaultGenericMobileDriver.execute(DefaultGenericMobileDriver.java:41)
at io.appium.java_client.AppiumDriver.execute(AppiumDriver.java:1)
at org.openqa.selenium.remote.RemoteWebDriver$RemoteWebDriverOptions$RemoteTimeouts.implicitlyWait(RemoteWebDriver.java:780)
at tests.MyApplicationsTesting.BluetoothTest(MyApplicationsTesting.java:20)
at sun.reflect.NativeMethodAccessorImpl.invoke0(Native Method)
at sun.reflect.NativeMethodAccessorImpl.invoke(NativeMethodAccessorImpl.java:62)
at sun.reflect.DelegatingMethodAccessorImpl.invoke(DelegatingMethodAccessorImpl.java:43)
at java.lang.reflect.Method.invoke(Method.java:498)
at org.testng.internal.MethodInvocationHelper.invokeMethod(MethodInvocationHelper.java:133)
at org.testng.internal.TestInvoker.invokeMethod(TestInvoker.java:598)
at org.testng.internal.TestInvoker.invokeTestMethod(TestInvoker.java:173)
at org.testng.internal.MethodRunner.runInSequence(MethodRunner.java:46)
at org.testng.internal.TestInvoker$MethodInvocationAgent.invoke(TestInvoker.java:824)
at org.testng.internal.TestInvoker.invokeTestMethods(TestInvoker.java:146)
at org.testng.internal.TestMethodWorker.invokeTestMethods(TestMethodWorker.java:146)
at org.testng.internal.TestMethodWorker.run(TestMethodWorker.java:128)
at java.util.ArrayList.forEach(ArrayList.java:1259)
at org.testng.TestRunner.privateRun(TestRunner.java:794)
at org.testng.TestRunner.run(TestRunner.java:596)
at org.testng.SuiteRunner.runTest(SuiteRunner.java:377)
at org.testng.SuiteRunner.runSequentially(SuiteRunner.java:371)
at org.testng.SuiteRunner.privateRun(SuiteRunner.java:332)
at org.testng.SuiteRunner.run(SuiteRunner.java:276)
at org.testng.SuiteRunnerWorker.runSuite(SuiteRunnerWorker.java:53)
at org.testng.SuiteRunnerWorker.run(SuiteRunnerWorker.java:96)
at org.testng.TestNG.runSuitesSequentially(TestNG.java:1212)
at org.testng.TestNG.runSuitesLocally(TestNG.java:1134)
at org.testng.TestNG.runSuites(TestNG.java:1063)
at org.testng.TestNG.run(TestNG.java:1031)
at org.testng.remote.AbstractRemoteTestNG.run(AbstractRemoteTestNG.java:115)
at org.testng.remote.RemoteTestNG.initAndRun(RemoteTestNG.java:251)
at org.testng.remote.RemoteTestNG.main(RemoteTestNG.java:77)
]]>
    </error>
  </testcase> <!-- BluetoothTest -->
  <system-out/>
  <testcase name="WiFiTest" time="0.000" classname="tests.MyApplicationsTesting">
    <skipped/>
  </testcase> <!-- WiFiTest -->
  <system-out/>
  <testcase name="CalculatorTest" time="0.000" classname="tests.MyApplicationsTesting">
    <skipped/>
  </testcase> <!-- CalculatorTest -->
  <system-out/>
  <testcase name="CameraTest" time="0.000" classname="tests.MyApplicationsTesting">
    <skipped/>
  </testcase> <!-- CameraTest -->
  <system-out/>
  <testcase name="ClockTest" time="0.000" classname="tests.MyApplicationsTesting">
    <skipped/>
  </testcase> <!-- ClockTest -->
  <system-out/>
  <testcase name="ContactsTest" time="0.000" classname="tests.MyApplicationsTesting">
    <skipped/>
  </testcase> <!-- ContactsTest -->
  <system-out/>
  <testcase name="DisplayTest" time="0.000" classname="tests.MyApplicationsTesting">
    <skipped/>
  </testcase> <!-- DisplayTest -->
  <system-out/>
  <testcase name="GalleryTest" time="0.000" classname="tests.MyApplicationsTesting">
    <skipped/>
  </testcase> <!-- GalleryTest -->
  <system-out/>
  <testcase name="MessagingTest" time="0.000" classname="tests.MyApplicationsTesting">
    <skipped/>
  </testcase> <!-- MessagingTest -->
  <system-out/>
  <testcase name="DiallerTest" time="0.000" classname="tests.MyApplicationsTesting">
    <skipped/>
  </testcase> <!-- DiallerTest -->
  <system-out/>
  <testcase name="SoundRecorderTest" time="0.000" classname="tests.MyApplicationsTesting">
    <skipped/>
  </testcase> <!-- SoundRecorderTest -->
  <system-out/>
</testsuite> <!-- tests.MyApplicationsTesting -->
