<?xml version="1.0" encoding="UTF-8"?>
<!-- Generated by org.testng.reporters.JUnitReportReporter -->
<testsuite hostname="invlko047-Latitude-7490" failures="0" tests="1" name="ConnectionPreferences.NearbyShare" time="88.716" errors="0" timestamp="2023-03-15T11:33:21 IST" skipped="0">
  <testcase classname="ConnectionPreferences.NearbyShare" name="NearbyShareTest" time="88.716"/>
  <system-out/>
</testsuite> <!-- ConnectionPreferences.NearbyShare -->
