<?xml version="1.0" encoding="UTF-8"?>
<!-- Generated by org.testng.reporters.JUnitReportReporter -->
<testsuite hostname="aditya" failures="0" tests="1" name="AirplaneMode.Airplane_mode_OnOff" time="21.047" errors="0" timestamp="2022-06-30T18:15:22 IST" skipped="0">
  <testcase classname="AirplaneMode.Airplane_mode_OnOff" name="AirplaneModeTest" time="21.047"/>
  <system-out/>
</testsuite> <!-- AirplaneMode.Airplane_mode_OnOff -->
