<?xml version="1.0" encoding="UTF-8"?>
<!-- Generated by org.testng.reporters.JUnitReportReporter -->
<testsuite hostname="invlko047-Latitude-7490" failures="0" tests="1" name="DuraSpeed.DuraSpeedAndApps_ToggleButtonOnOff_Tests" time="44.417" errors="0" timestamp="2023-03-15T12:13:13 IST" skipped="0">
  <testcase classname="DuraSpeed.DuraSpeedAndApps_ToggleButtonOnOff_Tests" name="DuraSpeedAndApps_ToggleButtonOnOff_Test" time="44.417"/>
  <system-out/>
</testsuite> <!-- DuraSpeed.DuraSpeedAndApps_ToggleButtonOnOff_Tests -->
