<?xml version="1.0" encoding="UTF-8"?>
<!-- Generated by org.testng.reporters.JUnitReportReporter -->
<testsuite skipped="0" hostname="aditya" name="F_Droid.InstallThirdPartyApp" tests="1" failures="0" timestamp="2022-03-29T12:42:39 IST" time="20.811" errors="0">
  <testcase name="F_DroidTest" time="20.811" classname="F_Droid.InstallThirdPartyApp"/>
  <system-out/>
</testsuite> <!-- F_Droid.InstallThirdPartyApp -->
