<?xml version="1.0" encoding="UTF-8"?>
<!-- Generated by org.testng.reporters.JUnitReportReporter -->
<testsuite hostname="invlko047-Latitude-7490" failures="0" tests="1" name="SoundRecorder.SoundRecordAndPlay" time="27.436" errors="1" timestamp="2023-03-02T18:43:33 IST" skipped="0">
  <testcase classname="SoundRecorder.SoundRecordAndPlay" name="SoundRecorderTest" time="27.436">
    <error message="An element could not be located on the page using the given search parameters.
For documentation on this error, please visit: https://www.seleniumhq.org/exceptions/no_such_element.html
Build info: version: &#039;3.141.59&#039;, revision: &#039;e82be7d358&#039;, time: &#039;2018-11-14T08:17:03&#039;
System info: host: &#039;invlko047-Latitude-7490&#039;, ip: &#039;127.0.1.1&#039;, os.name: &#039;Linux&#039;, os.arch: &#039;amd64&#039;, os.version: &#039;5.19.0-32-generic&#039;, java.version: &#039;17.0.6&#039;
Driver info: io.appium.java_client.android.AndroidDriver
Capabilities {appActivity: com.android.soundrecorder.S..., appPackage: com.android.soundrecorder, appium-version: 1.22.3, automationName: UiAutomator2, databaseEnabled: false, desired: {appActivity: com.android.soundrecorder.S..., appPackage: com.android.soundrecorder, appium-version: 1.22.3, automationName: UiAutomator2, deviceId: 0123456789ABCDEF, deviceName: along_8765, fullReset: false, noReset: true, platformName: android, platformVersion: 11, suppressKillServer: true, udid: 192.168.18.71:5555}, deviceApiLevel: 30, deviceId: 0123456789ABCDEF, deviceManufacturer: alps, deviceModel: along_8765, deviceName: 192.168.18.71:5555, deviceScreenDensity: 180, deviceScreenSize: 800x1280, deviceUDID: 192.168.18.71:5555, fullReset: false, javascriptEnabled: true, locationContextEnabled: false, networkConnectionEnabled: true, noReset: true, pixelRatio: 1.125, platform: LINUX, platformName: Android, platformVersion: 11, statBarHeight: 27, suppressKillServer: true, takesScreenshot: true, udid: 192.168.18.71:5555, viewportRect: {height: 1199, left: 0, top: 27, width: 800}, warnings: {}, webStorageEnabled: false}
Session ID: 16e0c0a5-6b85-4522-9036-baa6386f410d
*** Element info: {Using=id, value=com.android.soundrecorder:id/stopButton}" type="org.openqa.selenium.NoSuchElementException">
      <![CDATA[org.openqa.selenium.NoSuchElementException: An element could not be located on the page using the given search parameters.
For documentation on this error, please visit: https://www.seleniumhq.org/exceptions/no_such_element.html
Build info: version: '3.141.59', revision: 'e82be7d358', time: '2018-11-14T08:17:03'
System info: host: 'invlko047-Latitude-7490', ip: '127.0.1.1', os.name: 'Linux', os.arch: 'amd64', os.version: '5.19.0-32-generic', java.version: '17.0.6'
Driver info: io.appium.java_client.android.AndroidDriver
Capabilities {appActivity: com.android.soundrecorder.S..., appPackage: com.android.soundrecorder, appium-version: 1.22.3, automationName: UiAutomator2, databaseEnabled: false, desired: {appActivity: com.android.soundrecorder.S..., appPackage: com.android.soundrecorder, appium-version: 1.22.3, automationName: UiAutomator2, deviceId: 0123456789ABCDEF, deviceName: along_8765, fullReset: false, noReset: true, platformName: android, platformVersion: 11, suppressKillServer: true, udid: 192.168.18.71:5555}, deviceApiLevel: 30, deviceId: 0123456789ABCDEF, deviceManufacturer: alps, deviceModel: along_8765, deviceName: 192.168.18.71:5555, deviceScreenDensity: 180, deviceScreenSize: 800x1280, deviceUDID: 192.168.18.71:5555, fullReset: false, javascriptEnabled: true, locationContextEnabled: false, networkConnectionEnabled: true, noReset: true, pixelRatio: 1.125, platform: LINUX, platformName: Android, platformVersion: 11, statBarHeight: 27, suppressKillServer: true, takesScreenshot: true, udid: 192.168.18.71:5555, viewportRect: {height: 1199, left: 0, top: 27, width: 800}, warnings: {}, webStorageEnabled: false}
Session ID: 16e0c0a5-6b85-4522-9036-baa6386f410d
*** Element info: {Using=id, value=com.android.soundrecorder:id/stopButton}
at java.base/jdk.internal.reflect.NativeConstructorAccessorImpl.newInstance0(Native Method)
at java.base/jdk.internal.reflect.NativeConstructorAccessorImpl.newInstance(NativeConstructorAccessorImpl.java:77)
at java.base/jdk.internal.reflect.DelegatingConstructorAccessorImpl.newInstance(DelegatingConstructorAccessorImpl.java:45)
at java.base/java.lang.reflect.Constructor.newInstanceWithCaller(Constructor.java:499)
at java.base/java.lang.reflect.Constructor.newInstance(Constructor.java:480)
at org.openqa.selenium.remote.http.W3CHttpResponseCodec.createException(W3CHttpResponseCodec.java:187)
at org.openqa.selenium.remote.http.W3CHttpResponseCodec.decode(W3CHttpResponseCodec.java:122)
at org.openqa.selenium.remote.http.W3CHttpResponseCodec.decode(W3CHttpResponseCodec.java:49)
at org.openqa.selenium.remote.HttpCommandExecutor.execute(HttpCommandExecutor.java:158)
at io.appium.java_client.remote.AppiumCommandExecutor.execute(AppiumCommandExecutor.java:250)
at org.openqa.selenium.remote.RemoteWebDriver.execute(RemoteWebDriver.java:552)
at io.appium.java_client.DefaultGenericMobileDriver.execute(DefaultGenericMobileDriver.java:41)
at io.appium.java_client.AppiumDriver.execute(AppiumDriver.java:1)
at io.appium.java_client.android.AndroidDriver.execute(AndroidDriver.java:1)
at org.openqa.selenium.remote.RemoteWebDriver.findElement(RemoteWebDriver.java:323)
at io.appium.java_client.DefaultGenericMobileDriver.findElement(DefaultGenericMobileDriver.java:61)
at io.appium.java_client.AppiumDriver.findElement(AppiumDriver.java:1)
at io.appium.java_client.android.AndroidDriver.findElement(AndroidDriver.java:1)
at org.openqa.selenium.remote.RemoteWebDriver.findElementById(RemoteWebDriver.java:372)
at io.appium.java_client.DefaultGenericMobileDriver.findElementById(DefaultGenericMobileDriver.java:69)
at io.appium.java_client.AppiumDriver.findElementById(AppiumDriver.java:1)
at io.appium.java_client.android.AndroidDriver.findElementById(AndroidDriver.java:1)
at org.openqa.selenium.By$ById.findElement(By.java:188)
at org.openqa.selenium.remote.RemoteWebDriver.findElement(RemoteWebDriver.java:315)
at io.appium.java_client.DefaultGenericMobileDriver.findElement(DefaultGenericMobileDriver.java:57)
at io.appium.java_client.AppiumDriver.findElement(AppiumDriver.java:1)
at io.appium.java_client.android.AndroidDriver.findElement(AndroidDriver.java:1)
at SoundRecorder.SoundRecordAndPlay.SoundRecorderTest(SoundRecordAndPlay.java:68)
at java.base/jdk.internal.reflect.NativeMethodAccessorImpl.invoke0(Native Method)
at java.base/jdk.internal.reflect.NativeMethodAccessorImpl.invoke(NativeMethodAccessorImpl.java:77)
at java.base/jdk.internal.reflect.DelegatingMethodAccessorImpl.invoke(DelegatingMethodAccessorImpl.java:43)
at java.base/java.lang.reflect.Method.invoke(Method.java:568)
at org.testng.internal.MethodInvocationHelper.invokeMethod(MethodInvocationHelper.java:133)
at org.testng.internal.TestInvoker.invokeMethod(TestInvoker.java:598)
at org.testng.internal.TestInvoker.invokeTestMethod(TestInvoker.java:173)
at org.testng.internal.MethodRunner.runInSequence(MethodRunner.java:46)
at org.testng.internal.TestInvoker$MethodInvocationAgent.invoke(TestInvoker.java:824)
at org.testng.internal.TestInvoker.invokeTestMethods(TestInvoker.java:146)
at org.testng.internal.TestMethodWorker.invokeTestMethods(TestMethodWorker.java:146)
at org.testng.internal.TestMethodWorker.run(TestMethodWorker.java:128)
at java.base/java.util.concurrent.ThreadPoolExecutor.runWorker(ThreadPoolExecutor.java:1136)
at java.base/java.util.concurrent.ThreadPoolExecutor$Worker.run(ThreadPoolExecutor.java:635)
at java.base/java.lang.Thread.run(Thread.java:833)
]]>
    </error>
  </testcase> <!-- SoundRecorderTest -->
  <system-out/>
</testsuite> <!-- SoundRecorder.SoundRecordAndPlay -->
