<?xml version="1.0" encoding="UTF-8"?>
<!-- Generated by org.testng.reporters.JUnitReportReporter -->
<testsuite hostname="aditya" failures="0" tests="1" name="DigitalWellbeingAndParantelControls.Dashboard_BedtimeMode_FocusMode_ManageNotification_DoNotDisturb_HeadsUP_ShowIconInTheAppList_SetUPParentalControls_Tests" time="23.508" errors="0" timestamp="2022-07-07T16:56:33 IST" skipped="0">
  <testcase classname="DigitalWellbeingAndParantelControls.Dashboard_BedtimeMode_FocusMode_ManageNotification_DoNotDisturb_HeadsUP_ShowIconInTheAppList_SetUPParentalControls_Tests" name="Dashboard_BedtimeMode_FocusMode_ManageNotification_DoNotDisturb_HeadsUP_ShowIconInTheAppList_SetUPParentalControlsTest" time="23.508"/>
  <system-out/>
</testsuite> <!-- DigitalWellbeingAndParantelControls.Dashboard_BedtimeMode_FocusMode_ManageNotification_DoNotDisturb_HeadsUP_ShowIconInTheAppList_SetUPParentalControls_Tests -->
