<?xml version="1.0" encoding="UTF-8"?>
<!-- Generated by org.testng.reporters.JUnitReportReporter -->
<testsuite hostname="invlko047-Latitude-7490" failures="0" tests="1" name="Sound.MediaVolumeCallVolumeRingAndNotificationVolumeAlarmVolumeTests" time="60.189" errors="0" timestamp="2023-03-15T12:31:57 IST" skipped="0">
  <testcase classname="Sound.MediaVolumeCallVolumeRingAndNotificationVolumeAlarmVolumeTests" name="MediaVolumeCallVolumeRingAndNotificationVolumeAlarmVolumeTest" time="60.189"/>
  <system-out/>
</testsuite> <!-- Sound.MediaVolumeCallVolumeRingAndNotificationVolumeAlarmVolumeTests -->
