<?xml version="1.0" encoding="UTF-8"?>
<!-- Generated by org.testng.reporters.JUnitReportReporter -->
<testsuite hostname="invlko047-Latitude-7490" failures="0" tests="1" name="Location.AppAccessToLocation_WiFiAndBluetoothScanning_EmergencyLocationService_GoogleLocationAccuracy_GoogleLocationHistory_GoogleLocationSharing_Tests" time="54.405" errors="0" timestamp="2023-03-15T12:20:54 IST" skipped="0">
  <testcase classname="Location.AppAccessToLocation_WiFiAndBluetoothScanning_EmergencyLocationService_GoogleLocationAccuracy_GoogleLocationHistory_GoogleLocationSharing_Tests" name="AppAccessToLocation_WiFiAndBluetoothScanning_EmergencyLocationService_GoogleLocationAccuracy_GoogleLocationHistory_GoogleLocationSharingTests" time="54.405"/>
  <system-out/>
</testsuite> <!-- Location.AppAccessToLocation_WiFiAndBluetoothScanning_EmergencyLocationService_GoogleLocationAccuracy_GoogleLocationHistory_GoogleLocationSharing_Tests -->
