<?xml version="1.0" encoding="UTF-8"?>
<!-- Generated by org.testng.reporters.JUnitReportReporter -->
<testsuite hostname="invlko047-Latitude-7490" failures="0" tests="1" name="AppsAndNotifications3.Defaultapps" time="86.307" errors="0" timestamp="2023-03-15T11:22:56 IST" skipped="0">
  <testcase classname="AppsAndNotifications3.Defaultapps" name="DefaultappsTest" time="86.307"/>
  <system-out/>
</testsuite> <!-- AppsAndNotifications3.Defaultapps -->
