<?xml version="1.0" encoding="UTF-8"?>
<!-- Generated by org.testng.reporters.JUnitReportReporter -->
<testsuite skipped="0" hostname="aditya" name="WiFi.WiFiAutomation" tests="1" failures="0" timestamp="2022-02-21T14:47:22 IST" time="137.649" errors="0">
  <testcase name="WiFiTest" time="137.649" classname="WiFi.WiFiAutomation"/>
  <system-out/>
</testsuite> <!-- WiFi.WiFiAutomation -->
