<?xml version="1.0" encoding="UTF-8"?>
<!-- Generated by org.testng.reporters.JUnitReportReporter -->
<testsuite hostname="invlko047-Latitude-7490" failures="0" tests="1" name="Battery.BatterySaver_BatteryManager_BatteryPercentage" time="38.256" errors="0" timestamp="2023-03-15T11:23:46 IST" skipped="0">
  <testcase classname="Battery.BatterySaver_BatteryManager_BatteryPercentage" name="BatterySaver_BatteryManager_BatteryPercentageTest" time="38.256"/>
  <system-out/>
</testsuite> <!-- Battery.BatterySaver_BatteryManager_BatteryPercentage -->
