<?xml version="1.0" encoding="UTF-8"?>
<!-- Generated by org.testng.reporters.JUnitReportReporter -->
<testsuite hostname="aditya" failures="0" tests="1" name="AppsAndNotfications.Screentime" time="30.581" errors="0" timestamp="2022-06-30T18:15:22 IST" skipped="0">
  <testcase classname="AppsAndNotfications.Screentime" name="ScreentimeTest" time="30.581"/>
  <system-out/>
</testsuite> <!-- AppsAndNotfications.Screentime -->
