<?xml version="1.0" encoding="UTF-8"?>
<!-- Generated by org.testng.reporters.JUnitReportReporter -->
<testsuite skipped="1" hostname="aditya" name="Display.DisplayAutomation" tests="1" failures="0" timestamp="2022-02-21T14:47:22 IST" time="137.927" errors="0">
  <testcase name="DisplayTest" time="137.927" classname="Display.DisplayAutomation">
    <skipped/>
  </testcase> <!-- DisplayTest -->
  <system-out/>
</testsuite> <!-- Display.DisplayAutomation -->
