<?xml version="1.0" encoding="UTF-8"?>
<!-- Generated by org.testng.reporters.JUnitReportReporter -->
<testsuite hostname="invlko047-Latitude-7490" failures="0" tests="1" name="Bluetooth.BluetoothToggleButtonOnOff" time="24.391" errors="0" timestamp="2023-03-15T11:24:50 IST" skipped="0">
  <testcase classname="Bluetooth.BluetoothToggleButtonOnOff" name="BluetoothTest" time="24.391"/>
  <system-out/>
</testsuite> <!-- Bluetooth.BluetoothToggleButtonOnOff -->
