<?xml version="1.0" encoding="UTF-8"?>
<!-- Generated by org.testng.reporters.JUnitReportReporter -->
<testsuite hostname="invlko047-Latitude-7490" failures="0" tests="1" name="DigitalWellbeingAndParantelControls.Dashboard_BedtimeMode_FocusMode_ManageNotification_DoNotDisturb_HeadsUP_ShowIconInTheAppList_Tests" time="540.106" errors="0" timestamp="2023-03-15T12:07:20 IST" skipped="0">
  <testcase classname="DigitalWellbeingAndParantelControls.Dashboard_BedtimeMode_FocusMode_ManageNotification_DoNotDisturb_HeadsUP_ShowIconInTheAppList_Tests" name="Dashboard_BedtimeMode_FocusMode_ManageNotification_DoNotDisturb_HeadsUP_ShowIconInTheAppList_Test" time="540.106"/>
  <system-out/>
</testsuite> <!-- DigitalWellbeingAndParantelControls.Dashboard_BedtimeMode_FocusMode_ManageNotification_DoNotDisturb_HeadsUP_ShowIconInTheAppList_Tests -->
