<?xml version="1.0" encoding="UTF-8"?>
<!-- Generated by org.testng.reporters.JUnitReportReporter -->
<testsuite skipped="1" hostname="aditya" name="SoundRecorder.SoundRecorderAutomation" tests="1" failures="0" timestamp="2022-02-21T14:47:22 IST" time="297.848" errors="0">
  <testcase name="SoundRecorderTest" time="297.848" classname="SoundRecorder.SoundRecorderAutomation">
    <skipped/>
  </testcase> <!-- SoundRecorderTest -->
  <system-out/>
</testsuite> <!-- SoundRecorder.SoundRecorderAutomation -->
