<?xml version="1.0" encoding="UTF-8"?>
<!-- Generated by org.testng.reporters.JUnitReportReporter -->
<testsuite skipped="0" hostname="aditya" name="Contacts.ContactsAutomation" tests="1" failures="0" timestamp="2022-02-21T14:47:22 IST" time="278.170" errors="0">
  <testcase name="ContactsTest" time="278.170" classname="Contacts.ContactsAutomation"/>
  <system-out/>
</testsuite> <!-- Contacts.ContactsAutomation -->
