<?xml version="1.0" encoding="UTF-8"?>
<!-- Generated by org.testng.reporters.JUnitReportReporter -->
<testsuite skipped="1" hostname="aditya" name="pages3.TestSuite3" tests="1" failures="0" timestamp="2022-02-18T17:58:16 IST" time="298.128" errors="0">
  <testcase name="SoundRecorderTest" time="298.128" classname="pages3.TestSuite3">
    <skipped/>
  </testcase> <!-- SoundRecorderTest -->
  <system-out/>
</testsuite> <!-- pages3.TestSuite3 -->
