<?xml version="1.0" encoding="UTF-8"?>
<!-- Generated by org.testng.reporters.JUnitReportReporter -->
<testsuite skipped="1" hostname="aditya" name="Bluetooth.BluetoothAutomation" tests="1" failures="0" timestamp="2022-02-21T14:47:22 IST" time="138.264" errors="0">
  <testcase name="BluetoothTest" time="138.264" classname="Bluetooth.BluetoothAutomation">
    <skipped/>
  </testcase> <!-- BluetoothTest -->
  <system-out/>
</testsuite> <!-- Bluetooth.BluetoothAutomation -->
