<?xml version="1.0" encoding="UTF-8"?>
<!-- Generated by org.testng.reporters.JUnitReportReporter -->
<testsuite skipped="0" hostname="aditya" name="Gallery.GalleryAutomation" tests="1" failures="0" timestamp="2022-02-21T14:47:22 IST" time="217.318" errors="0">
  <testcase name="GalleryTest" time="217.318" classname="Gallery.GalleryAutomation"/>
  <system-out/>
</testsuite> <!-- Gallery.GalleryAutomation -->
