<?xml version="1.0" encoding="UTF-8"?>
<!-- Generated by org.testng.reporters.JUnitReportReporter -->
<testsuite skipped="0" hostname="aditya" name="Dialer.DialerAutomation" tests="1" failures="0" timestamp="2022-02-21T14:47:22 IST" time="489.905" errors="0">
  <testcase name="DialerTest" time="489.905" classname="Dialer.DialerAutomation"/>
  <system-out/>
</testsuite> <!-- Dialer.DialerAutomation -->
