<?xml version="1.0" encoding="UTF-8"?>
<!-- Generated by org.testng.reporters.JUnitReportReporter -->
<testsuite hostname="invlko047-Latitude-7490" failures="0" tests="1" name="Clock.SetAlarm" time="35.801" errors="0" timestamp="2023-03-02T18:43:33 IST" skipped="0">
  <testcase classname="Clock.SetAlarm" name="ClockTest" time="35.801"/>
  <system-out/>
</testsuite> <!-- Clock.SetAlarm -->
