<?xml version="1.0" encoding="UTF-8"?>
<!-- Generated by org.testng.reporters.JUnitReportReporter -->
<testsuite hostname="invlko047-Latitude-7490" failures="0" tests="1" name="System2.DeveloperOptionsTest" time="168.928" errors="0" timestamp="2023-03-02T18:43:33 IST" skipped="0">
  <testcase classname="System2.DeveloperOptionsTest" name="DeveloperOptions_Test" time="168.928"/>
  <system-out/>
</testsuite> <!-- System2.DeveloperOptionsTest -->
