<?xml version="1.0" encoding="UTF-8"?>
<!-- Generated by org.testng.reporters.JUnitReportReporter -->
<testsuite hostname="invlko047-Latitude-7490" failures="0" tests="1" name="Accounts.AutomaticallySyncAppData" time="39.978" errors="0" timestamp="2023-03-15T11:11:34 IST" skipped="0">
  <testcase classname="Accounts.AutomaticallySyncAppData" name="AutomaticallySyncAppDataTest" time="39.978"/>
  <system-out/>
</testsuite> <!-- Accounts.AutomaticallySyncAppData -->
