<?xml version="1.0" encoding="UTF-8"?>
<!-- Generated by org.testng.reporters.JUnitReportReporter -->
<testsuite skipped="1" hostname="aditya" name="Messaging.MessagingAutomation" tests="1" failures="0" timestamp="2022-02-21T14:47:22 IST" time="298.323" errors="0">
  <testcase name="MessagingTest" time="298.323" classname="Messaging.MessagingAutomation">
    <skipped/>
  </testcase> <!-- MessagingTest -->
  <system-out/>
</testsuite> <!-- Messaging.MessagingAutomation -->
