<?xml version="1.0" encoding="UTF-8"?>
<!-- Generated by org.testng.reporters.JUnitReportReporter -->
<testsuite hostname="invlko047-Latitude-7490" failures="0" tests="1" name="HotspotAndTethering.WiFi_USB_Bluetooth_tethering" time="24.548" errors="0" timestamp="2023-03-15T12:19:02 IST" skipped="0">
  <testcase classname="HotspotAndTethering.WiFi_USB_Bluetooth_tethering" name="WiFi_USB_Bluetooth_Tethering_Test" time="24.548"/>
  <system-out/>
</testsuite> <!-- HotspotAndTethering.WiFi_USB_Bluetooth_tethering -->
