<?xml version="1.0" encoding="UTF-8"?>
<!-- Generated by org.testng.reporters.JUnitReportReporter -->
<testsuite skipped="1" hostname="aditya" name="Camera.CameraAutomation" tests="1" failures="0" timestamp="2022-02-21T14:47:22 IST" time="29.732" errors="0">
  <testcase name="CameraTest" time="29.732" classname="Camera.CameraAutomation">
    <skipped/>
  </testcase> <!-- CameraTest -->
  <system-out/>
</testsuite> <!-- Camera.CameraAutomation -->
