<?xml version="1.0" encoding="UTF-8"?>
<!-- Generated by org.testng.reporters.JUnitReportReporter -->
<testsuite skipped="0" hostname="aditya" name="pages.TestSuite9" tests="1" failures="0" timestamp="2022-02-16T14:35:02 IST" time="14.239" errors="0">
  <testcase name="CameraTest" time="14.239" classname="pages.TestSuite9"/>
  <system-out/>
</testsuite> <!-- pages.TestSuite9 -->
