<?xml version="1.0" encoding="UTF-8"?>
<!-- Generated by org.testng.reporters.JUnitReportReporter -->
<testsuite skipped="0" hostname="aditya" name="pages.TestSuite" tests="1" failures="0" timestamp="2022-02-18T17:58:16 IST" time="139.227" errors="0">
  <testcase name="WiFiTest" time="139.227" classname="pages.TestSuite"/>
  <system-out/>
</testsuite> <!-- pages.TestSuite -->
