<?xml version="1.0" encoding="UTF-8"?>
<!-- Generated by org.testng.reporters.JUnitReportReporter -->
<testsuite hostname="aditya" failures="0" tests="1" name="HotspotTethering.WiFi_USB_Bluetooth_tethering" time="22.284" errors="0" timestamp="2022-06-30T18:15:22 IST" skipped="0">
  <testcase classname="HotspotTethering.WiFi_USB_Bluetooth_tethering" name="WiFi_USB_Bluetooth_Tethering_Test" time="22.284"/>
  <system-out/>
</testsuite> <!-- HotspotTethering.WiFi_USB_Bluetooth_tethering -->
