<?xml version="1.0" encoding="UTF-8"?>
<!-- Generated by org.testng.reporters.JUnitReportReporter -->
<testsuite hostname="invlko047-Latitude-7490" failures="0" tests="1" name="Display.AdjustScreenBrightnesslevel_Darktheme_NightLight_Screentimeout_AutoRotateScreen_FontSize_DisplaySize_Tests" time="55.593" errors="0" timestamp="2023-03-15T12:10:13 IST" skipped="0">
  <testcase classname="Display.AdjustScreenBrightnesslevel_Darktheme_NightLight_Screentimeout_AutoRotateScreen_FontSize_DisplaySize_Tests" name="DisplayTest" time="55.593"/>
  <system-out/>
</testsuite> <!-- Display.AdjustScreenBrightnesslevel_Darktheme_NightLight_Screentimeout_AutoRotateScreen_FontSize_DisplaySize_Tests -->
