<?xml version="1.0" encoding="UTF-8"?>
<!-- Generated by org.testng.reporters.JUnitReportReporter -->
<testsuite hostname="invlko047-Latitude-7490" failures="0" tests="1" name="AppsAndNotifications2.Screentime" time="192.747" errors="0" timestamp="2023-03-15T11:20:56 IST" skipped="0">
  <testcase classname="AppsAndNotifications2.Screentime" name="ScreentimeTest" time="192.747"/>
  <system-out/>
</testsuite> <!-- AppsAndNotifications2.Screentime -->
