<?xml version="1.0" encoding="UTF-8"?>
<!-- Generated by org.testng.reporters.JUnitReportReporter -->
<testsuite hostname="invlko047-Latitude-7490" failures="0" tests="1" name="Contacts.AddContacts" time="34.437" errors="0" timestamp="2023-03-15T11:43:17 IST" skipped="0">
  <testcase classname="Contacts.AddContacts" name="ContactsTest" time="34.437"/>
  <system-out/>
</testsuite> <!-- Contacts.AddContacts -->
