<?xml version="1.0" encoding="UTF-8"?>
<!-- Generated by org.testng.reporters.JUnitReportReporter -->
<testsuite hostname="invlko047-Latitude-7490" failures="0" tests="1" name="Google.Ads_Autofill_Backup_DevicesAndSharing_FindMyDevice_MobileDataAndMessaging_ParentalControls_PersonalizeUsingSharedData_SetupAndRestore_FirebaseAppIndexing_Tests" time="214.523" errors="0" timestamp="2023-03-15T12:17:52 IST" skipped="0">
  <testcase classname="Google.Ads_Autofill_Backup_DevicesAndSharing_FindMyDevice_MobileDataAndMessaging_ParentalControls_PersonalizeUsingSharedData_SetupAndRestore_FirebaseAppIndexing_Tests" name="Ads_Autofill_Backup_DevicesAndSharing_FindMyDevice_MobileDataAndMessaging_ParentalControls_PersonalizeUsingSharedData_SetupAndRestore_FirebaseAppIndexing_Test" time="214.523"/>
  <system-out/>
</testsuite> <!-- Google.Ads_Autofill_Backup_DevicesAndSharing_FindMyDevice_MobileDataAndMessaging_ParentalControls_PersonalizeUsingSharedData_SetupAndRestore_FirebaseAppIndexing_Tests -->
