<?xml version="1.0" encoding="UTF-8"?>
<!-- Generated by org.testng.reporters.JUnitReportReporter -->
<testsuite hostname="aditya" failures="0" tests="1" name="Display.AdjustTheScreenBrightness" time="53.332" errors="0" timestamp="2022-07-01T11:54:24 IST" skipped="0">
  <testcase classname="Display.AdjustTheScreenBrightness" name="DisplayTest" time="53.332"/>
  <system-out/>
</testsuite> <!-- Display.AdjustTheScreenBrightness -->
