<?xml version="1.0" encoding="UTF-8"?>
<!-- Generated by org.testng.reporters.JUnitReportReporter -->
<testsuite hostname="invlko047-Latitude-7490" failures="0" tests="1" name="AppsAndNotifications.NotificationsTest" time="115.399" errors="0" timestamp="2023-03-15T11:14:58 IST" skipped="0">
  <testcase classname="AppsAndNotifications.NotificationsTest" name="NotificationsFeaturesTest" time="115.399"/>
  <system-out/>
</testsuite> <!-- AppsAndNotifications.NotificationsTest -->
