<?xml version="1.0" encoding="UTF-8"?>
<!-- Generated by org.testng.reporters.JUnitReportReporter -->
<testsuite skipped="1" hostname="aditya" name="pages1.TestSuite1" tests="1" failures="0" timestamp="2022-02-18T17:58:16 IST" time="145.176" errors="0">
  <testcase name="BluetoothTest" time="145.176" classname="pages1.TestSuite1">
    <skipped/>
  </testcase> <!-- BluetoothTest -->
  <system-out/>
</testsuite> <!-- pages1.TestSuite1 -->
