<?xml version="1.0" encoding="UTF-8"?>
<!-- Generated by org.testng.reporters.JUnitReportReporter -->
<testsuite hostname="aditya" failures="0" tests="1" name="System.LanguageAndInput_Gestures_DateAndTime_Backup_ResetOptions_MultipleUsers_DeveloprOptions_SystemUpdate_Tests" time="119.661" errors="0" timestamp="2022-07-11T15:49:55 IST" skipped="0">
  <testcase classname="System.LanguageAndInput_Gestures_DateAndTime_Backup_ResetOptions_MultipleUsers_DeveloprOptions_SystemUpdate_Tests" name="LanguageAndInput_Gestures_DateAndTime_Backup_ResetOptions_MultipleUsers_DeveloprOptions_SystemUpdate_Test" time="119.661"/>
  <system-out/>
</testsuite> <!-- System.LanguageAndInput_Gestures_DateAndTime_Backup_ResetOptions_MultipleUsers_DeveloprOptions_SystemUpdate_Tests -->
