<?xml version="1.0" encoding="UTF-8"?>
<!-- Generated by org.testng.reporters.JUnitReportReporter -->
<testsuite skipped="0" hostname="aditya" name="Clock.ClockAutomation" tests="1" failures="0" timestamp="2022-02-21T14:47:22 IST" time="96.626" errors="0">
  <testcase name="ClockTest" time="96.626" classname="Clock.ClockAutomation"/>
  <system-out/>
</testsuite> <!-- Clock.ClockAutomation -->
