<?xml version="1.0" encoding="UTF-8"?>
<!-- Generated by org.testng.reporters.JUnitReportReporter -->
<testsuite hostname="invlko047-Latitude-7490" failures="0" tests="1" name="Accessibility.SelectToSpeak_TallBack_TextToSpeechOutput_FontSize_DisplaySize_DarkTheme_Magnification_ColorCorrection_ColorInversion_LargeMousePointer_RemoveAnimations_Tests" time="190.732" errors="0" timestamp="2023-03-15T10:56:08 IST" skipped="0">
  <testcase classname="Accessibility.SelectToSpeak_TallBack_TextToSpeechOutput_FontSize_DisplaySize_DarkTheme_Magnification_ColorCorrection_ColorInversion_LargeMousePointer_RemoveAnimations_Tests" name="SelectToSpeak_TallBack_TextToSpeechOutput_FontSize_DisplaySize_DarkTheme__Magnification_ColorCorrection_ColorInversion_LargeMousePointer_RemoveAnimationsTest" time="190.732"/>
  <system-out/>
</testsuite> <!-- Accessibility.SelectToSpeak_TallBack_TextToSpeechOutput_FontSize_DisplaySize_DarkTheme_Magnification_ColorCorrection_ColorInversion_LargeMousePointer_RemoveAnimations_Tests -->
