<?xml version="1.0" encoding="UTF-8"?>
<!-- Generated by org.testng.reporters.JUnitReportReporter -->
<testsuite hostname="aditya" failures="0" tests="1" name="Accessibility.SelectToSpeak_TallBack_TextToSpeechOutput_FontSize_DisplaySize_DarkTheme_Tests" time="178.991" errors="0" timestamp="2022-07-06T17:05:57 IST" skipped="0">
  <testcase classname="Accessibility.SelectToSpeak_TallBack_TextToSpeechOutput_FontSize_DisplaySize_DarkTheme_Tests" name="SelectToSpeak_TallBack_TextToSpeechOutput_FontSize_DisplaySize_DarkTheme_Test" time="178.991"/>
  <system-out/>
</testsuite> <!-- Accessibility.SelectToSpeak_TallBack_TextToSpeechOutput_FontSize_DisplaySize_DarkTheme_Tests -->
