<?xml version="1.0" encoding="UTF-8"?>
<!-- Generated by org.testng.reporters.JUnitReportReporter -->
<testsuite skipped="0" hostname="aditya" name="Calculator.CalculatorAutomation" tests="1" failures="0" timestamp="2022-02-21T14:47:22 IST" time="249.192" errors="0">
  <testcase name="CalculatorTest" time="249.192" classname="Calculator.CalculatorAutomation"/>
  <system-out/>
</testsuite> <!-- Calculator.CalculatorAutomation -->
