<?xml version="1.0" encoding="UTF-8"?>
<!-- Generated by org.testng.reporters.JUnitReportReporter -->
<testsuite hostname="aditya" failures="0" tests="1" name="Battery.BatterySaverTest" time="40.077" errors="0" timestamp="2022-07-01T15:43:53 IST" skipped="0">
  <testcase classname="Battery.BatterySaverTest" name="ScreentimeTest" time="40.077"/>
  <system-out/>
</testsuite> <!-- Battery.BatterySaverTest -->
