<?xml version="1.0" encoding="UTF-8"?>
<!-- Generated by org.testng.reporters.JUnitReportReporter -->
<testsuite hostname="invlko047-Latitude-7490" failures="0" tests="1" name="ConnectionPreferences2.AndroidAuto" time="208.296" errors="0" timestamp="2023-03-15T11:38:34 IST" skipped="0">
  <testcase classname="ConnectionPreferences2.AndroidAuto" name="AndroidAutoTest" time="208.296"/>
  <system-out/>
</testsuite> <!-- ConnectionPreferences2.AndroidAuto -->
