<?xml version="1.0" encoding="UTF-8"?>
<!-- Generated by org.testng.reporters.JUnitReportReporter -->
<testsuite skipped="1" hostname="aditya" name="tests.BaseClass" tests="1" failures="0" timestamp="2022-02-17T11:25:39 IST" time="0.000" errors="0">
  <testcase name="simpleTest" time="0.000" classname="tests.BaseClass">
    <skipped/>
  </testcase> <!-- simpleTest -->
  <system-out/>
</testsuite> <!-- tests.BaseClass -->
