<?xml version="1.0" encoding="UTF-8"?>
<!-- Generated by org.testng.reporters.JUnitReportReporter -->
<testsuite hostname="invlko047-Latitude-7490" failures="0" tests="1" name="PrivateDNS.SelectDNSMode" time="26.798" errors="0" timestamp="2023-03-15T12:26:50 IST" skipped="0">
  <testcase classname="PrivateDNS.SelectDNSMode" name="DNSModeTest" time="26.798"/>
  <system-out/>
</testsuite> <!-- PrivateDNS.SelectDNSMode -->
