<?xml version="1.0" encoding="UTF-8"?>
<!-- Generated by org.testng.reporters.JUnitReportReporter -->
<testsuite hostname="invlko047-Latitude-7490" failures="0" tests="100" name="Camera.CapturePictureVideo" time="1889.023" errors="0" timestamp="2023-03-20T17:04:08 IST" skipped="0">
  <testcase classname="Camera.CapturePictureVideo" name="CameraTest" time="18.279"/>
  <system-out/>
  <testcase classname="Camera.CapturePictureVideo" name="CameraTest" time="19.768"/>
  <system-out/>
  <testcase classname="Camera.CapturePictureVideo" name="CameraTest" time="19.221"/>
  <system-out/>
  <testcase classname="Camera.CapturePictureVideo" name="CameraTest" time="19.377"/>
  <system-out/>
  <testcase classname="Camera.CapturePictureVideo" name="CameraTest" time="18.721"/>
  <system-out/>
  <testcase classname="Camera.CapturePictureVideo" name="CameraTest" time="19.280"/>
  <system-out/>
  <testcase classname="Camera.CapturePictureVideo" name="CameraTest" time="18.203"/>
  <system-out/>
  <testcase classname="Camera.CapturePictureVideo" name="CameraTest" time="18.820"/>
  <system-out/>
  <testcase classname="Camera.CapturePictureVideo" name="CameraTest" time="19.291"/>
  <system-out/>
  <testcase classname="Camera.CapturePictureVideo" name="CameraTest" time="18.439"/>
  <system-out/>
  <testcase classname="Camera.CapturePictureVideo" name="CameraTest" time="19.570"/>
  <system-out/>
  <testcase classname="Camera.CapturePictureVideo" name="CameraTest" time="18.379"/>
  <system-out/>
  <testcase classname="Camera.CapturePictureVideo" name="CameraTest" time="19.144"/>
  <system-out/>
  <testcase classname="Camera.CapturePictureVideo" name="CameraTest" time="19.342"/>
  <system-out/>
  <testcase classname="Camera.CapturePictureVideo" name="CameraTest" time="19.765"/>
  <system-out/>
  <testcase classname="Camera.CapturePictureVideo" name="CameraTest" time="19.729"/>
  <system-out/>
  <testcase classname="Camera.CapturePictureVideo" name="CameraTest" time="20.004"/>
  <system-out/>
  <testcase classname="Camera.CapturePictureVideo" name="CameraTest" time="19.325"/>
  <system-out/>
  <testcase classname="Camera.CapturePictureVideo" name="CameraTest" time="18.392"/>
  <system-out/>
  <testcase classname="Camera.CapturePictureVideo" name="CameraTest" time="18.429"/>
  <system-out/>
  <testcase classname="Camera.CapturePictureVideo" name="CameraTest" time="18.501"/>
  <system-out/>
  <testcase classname="Camera.CapturePictureVideo" name="CameraTest" time="19.539"/>
  <system-out/>
  <testcase classname="Camera.CapturePictureVideo" name="CameraTest" time="19.379"/>
  <system-out/>
  <testcase classname="Camera.CapturePictureVideo" name="CameraTest" time="19.926"/>
  <system-out/>
  <testcase classname="Camera.CapturePictureVideo" name="CameraTest" time="18.312"/>
  <system-out/>
  <testcase classname="Camera.CapturePictureVideo" name="CameraTest" time="18.416"/>
  <system-out/>
  <testcase classname="Camera.CapturePictureVideo" name="CameraTest" time="18.963"/>
  <system-out/>
  <testcase classname="Camera.CapturePictureVideo" name="CameraTest" time="18.436"/>
  <system-out/>
  <testcase classname="Camera.CapturePictureVideo" name="CameraTest" time="19.342"/>
  <system-out/>
  <testcase classname="Camera.CapturePictureVideo" name="CameraTest" time="18.256"/>
  <system-out/>
  <testcase classname="Camera.CapturePictureVideo" name="CameraTest" time="18.242"/>
  <system-out/>
  <testcase classname="Camera.CapturePictureVideo" name="CameraTest" time="19.397"/>
  <system-out/>
  <testcase classname="Camera.CapturePictureVideo" name="CameraTest" time="18.701"/>
  <system-out/>
  <testcase classname="Camera.CapturePictureVideo" name="CameraTest" time="19.448"/>
  <system-out/>
  <testcase classname="Camera.CapturePictureVideo" name="CameraTest" time="19.410"/>
  <system-out/>
  <testcase classname="Camera.CapturePictureVideo" name="CameraTest" time="19.380"/>
  <system-out/>
  <testcase classname="Camera.CapturePictureVideo" name="CameraTest" time="18.250"/>
  <system-out/>
  <testcase classname="Camera.CapturePictureVideo" name="CameraTest" time="18.736"/>
  <system-out/>
  <testcase classname="Camera.CapturePictureVideo" name="CameraTest" time="19.145"/>
  <system-out/>
  <testcase classname="Camera.CapturePictureVideo" name="CameraTest" time="18.633"/>
  <system-out/>
  <testcase classname="Camera.CapturePictureVideo" name="CameraTest" time="18.476"/>
  <system-out/>
  <testcase classname="Camera.CapturePictureVideo" name="CameraTest" time="18.280"/>
  <system-out/>
  <testcase classname="Camera.CapturePictureVideo" name="CameraTest" time="19.430"/>
  <system-out/>
  <testcase classname="Camera.CapturePictureVideo" name="CameraTest" time="19.587"/>
  <system-out/>
  <testcase classname="Camera.CapturePictureVideo" name="CameraTest" time="18.608"/>
  <system-out/>
  <testcase classname="Camera.CapturePictureVideo" name="CameraTest" time="18.431"/>
  <system-out/>
  <testcase classname="Camera.CapturePictureVideo" name="CameraTest" time="18.620"/>
  <system-out/>
  <testcase classname="Camera.CapturePictureVideo" name="CameraTest" time="19.836"/>
  <system-out/>
  <testcase classname="Camera.CapturePictureVideo" name="CameraTest" time="19.109"/>
  <system-out/>
  <testcase classname="Camera.CapturePictureVideo" name="CameraTest" time="18.274"/>
  <system-out/>
  <testcase classname="Camera.CapturePictureVideo" name="CameraTest" time="19.720"/>
  <system-out/>
  <testcase classname="Camera.CapturePictureVideo" name="CameraTest" time="18.284"/>
  <system-out/>
  <testcase classname="Camera.CapturePictureVideo" name="CameraTest" time="19.227"/>
  <system-out/>
  <testcase classname="Camera.CapturePictureVideo" name="CameraTest" time="18.453"/>
  <system-out/>
  <testcase classname="Camera.CapturePictureVideo" name="CameraTest" time="18.579"/>
  <system-out/>
  <testcase classname="Camera.CapturePictureVideo" name="CameraTest" time="19.292"/>
  <system-out/>
  <testcase classname="Camera.CapturePictureVideo" name="CameraTest" time="19.232"/>
  <system-out/>
  <testcase classname="Camera.CapturePictureVideo" name="CameraTest" time="19.768"/>
  <system-out/>
  <testcase classname="Camera.CapturePictureVideo" name="CameraTest" time="19.212"/>
  <system-out/>
  <testcase classname="Camera.CapturePictureVideo" name="CameraTest" time="18.172"/>
  <system-out/>
  <testcase classname="Camera.CapturePictureVideo" name="CameraTest" time="18.071"/>
  <system-out/>
  <testcase classname="Camera.CapturePictureVideo" name="CameraTest" time="19.110"/>
  <system-out/>
  <testcase classname="Camera.CapturePictureVideo" name="CameraTest" time="19.611"/>
  <system-out/>
  <testcase classname="Camera.CapturePictureVideo" name="CameraTest" time="19.650"/>
  <system-out/>
  <testcase classname="Camera.CapturePictureVideo" name="CameraTest" time="18.100"/>
  <system-out/>
  <testcase classname="Camera.CapturePictureVideo" name="CameraTest" time="18.006"/>
  <system-out/>
  <testcase classname="Camera.CapturePictureVideo" name="CameraTest" time="19.548"/>
  <system-out/>
  <testcase classname="Camera.CapturePictureVideo" name="CameraTest" time="18.085"/>
  <system-out/>
  <testcase classname="Camera.CapturePictureVideo" name="CameraTest" time="18.211"/>
  <system-out/>
  <testcase classname="Camera.CapturePictureVideo" name="CameraTest" time="19.346"/>
  <system-out/>
  <testcase classname="Camera.CapturePictureVideo" name="CameraTest" time="18.495"/>
  <system-out/>
  <testcase classname="Camera.CapturePictureVideo" name="CameraTest" time="19.344"/>
  <system-out/>
  <testcase classname="Camera.CapturePictureVideo" name="CameraTest" time="19.328"/>
  <system-out/>
  <testcase classname="Camera.CapturePictureVideo" name="CameraTest" time="18.170"/>
  <system-out/>
  <testcase classname="Camera.CapturePictureVideo" name="CameraTest" time="18.219"/>
  <system-out/>
  <testcase classname="Camera.CapturePictureVideo" name="CameraTest" time="18.884"/>
  <system-out/>
  <testcase classname="Camera.CapturePictureVideo" name="CameraTest" time="18.999"/>
  <system-out/>
  <testcase classname="Camera.CapturePictureVideo" name="CameraTest" time="19.316"/>
  <system-out/>
  <testcase classname="Camera.CapturePictureVideo" name="CameraTest" time="18.751"/>
  <system-out/>
  <testcase classname="Camera.CapturePictureVideo" name="CameraTest" time="19.692"/>
  <system-out/>
  <testcase classname="Camera.CapturePictureVideo" name="CameraTest" time="18.358"/>
  <system-out/>
  <testcase classname="Camera.CapturePictureVideo" name="CameraTest" time="19.491"/>
  <system-out/>
  <testcase classname="Camera.CapturePictureVideo" name="CameraTest" time="18.182"/>
  <system-out/>
  <testcase classname="Camera.CapturePictureVideo" name="CameraTest" time="19.796"/>
  <system-out/>
  <testcase classname="Camera.CapturePictureVideo" name="CameraTest" time="18.100"/>
  <system-out/>
  <testcase classname="Camera.CapturePictureVideo" name="CameraTest" time="19.267"/>
  <system-out/>
  <testcase classname="Camera.CapturePictureVideo" name="CameraTest" time="18.132"/>
  <system-out/>
  <testcase classname="Camera.CapturePictureVideo" name="CameraTest" time="18.483"/>
  <system-out/>
  <testcase classname="Camera.CapturePictureVideo" name="CameraTest" time="18.850"/>
  <system-out/>
  <testcase classname="Camera.CapturePictureVideo" name="CameraTest" time="19.233"/>
  <system-out/>
  <testcase classname="Camera.CapturePictureVideo" name="CameraTest" time="18.402"/>
  <system-out/>
  <testcase classname="Camera.CapturePictureVideo" name="CameraTest" time="18.474"/>
  <system-out/>
  <testcase classname="Camera.CapturePictureVideo" name="CameraTest" time="17.997"/>
  <system-out/>
  <testcase classname="Camera.CapturePictureVideo" name="CameraTest" time="18.443"/>
  <system-out/>
  <testcase classname="Camera.CapturePictureVideo" name="CameraTest" time="19.010"/>
  <system-out/>
  <testcase classname="Camera.CapturePictureVideo" name="CameraTest" time="18.373"/>
  <system-out/>
  <testcase classname="Camera.CapturePictureVideo" name="CameraTest" time="19.126"/>
  <system-out/>
  <testcase classname="Camera.CapturePictureVideo" name="CameraTest" time="18.246"/>
  <system-out/>
  <testcase classname="Camera.CapturePictureVideo" name="CameraTest" time="19.718"/>
  <system-out/>
  <testcase classname="Camera.CapturePictureVideo" name="CameraTest" time="17.926"/>
  <system-out/>
</testsuite> <!-- Camera.CapturePictureVideo -->
