<?xml version="1.0" encoding="UTF-8"?>
<!-- Generated by org.testng.reporters.JUnitReportReporter -->
<testsuite hostname="invlko047-Latitude-7490" failures="0" tests="1" name="Security.SecurityUpdate_FindMyDevice_ScreenLock_SmartLock_DeviceAdminApps_EncryptionAndCredentials_TrustAgents_AppPinning_Tests" time="98.616" errors="0" timestamp="2023-03-15T12:30:41 IST" skipped="0">
  <testcase classname="Security.SecurityUpdate_FindMyDevice_ScreenLock_SmartLock_DeviceAdminApps_EncryptionAndCredentials_TrustAgents_AppPinning_Tests" name="SecurityUpdate_FindMyDevice_ScreenLock_SmartLock_DeviceAdminApps_EncryptionAndCredentials_TrustAgents_AppPinning_Test" time="98.616"/>
  <system-out/>
</testsuite> <!-- Security.SecurityUpdate_FindMyDevice_ScreenLock_SmartLock_DeviceAdminApps_EncryptionAndCredentials_TrustAgents_AppPinning_Tests -->
