<?xml version="1.0" encoding="UTF-8"?>
<!-- Generated by org.testng.reporters.JUnitReportReporter -->
<testsuite hostname="invlko047-Latitude-7490" failures="0" tests="1" name="Privacy.PermissionManager_ShowPasswords_NotificatonOnLockScreen_AutofillServiceFromGoogle_GoogleLocationHistory_ActivityControls_Ads_UsageAndDiagnostics_Tests" time="109.704" errors="0" timestamp="2023-03-15T12:24:59 IST" skipped="0">
  <testcase classname="Privacy.PermissionManager_ShowPasswords_NotificatonOnLockScreen_AutofillServiceFromGoogle_GoogleLocationHistory_ActivityControls_Ads_UsageAndDiagnostics_Tests" name="PermissionManager_ShowPasswords_NotificatonOnLockScreen_AutofillServiceFromGoogle_GoogleLocationHistory_ActivityControls_Ads_UsageAndDiagnosticsTests" time="109.704"/>
  <system-out/>
</testsuite> <!-- Privacy.PermissionManager_ShowPasswords_NotificatonOnLockScreen_AutofillServiceFromGoogle_GoogleLocationHistory_ActivityControls_Ads_UsageAndDiagnostics_Tests -->
