<?xml version="1.0" encoding="UTF-8"?>
<!-- Generated by org.testng.reporters.JUnitReportReporter -->
<testsuite hostname="invlko047-Latitude-7490" failures="0" tests="1" name="Sound2.DoNotDisturb_Media_ShortcutToPreventRinging_PhoneRingtone_DefaultNotificationSound_DefaultAlarmSound_Tests" time="364.801" errors="0" timestamp="2023-03-15T12:50:44 IST" skipped="0">
  <testcase classname="Sound2.DoNotDisturb_Media_ShortcutToPreventRinging_PhoneRingtone_DefaultNotificationSound_DefaultAlarmSound_Tests" name="DoNotDisturb_Media_ShortcutToPreventRinging_PhoneRingtone_DefaultNotificationSound_DefaultAlarmSoundTests" time="364.801"/>
  <system-out/>
</testsuite> <!-- Sound2.DoNotDisturb_Media_ShortcutToPreventRinging_PhoneRingtone_DefaultNotificationSound_DefaultAlarmSound_Tests -->
