<?xml version="1.0" encoding="UTF-8"?>
<!-- Generated by org.testng.reporters.JUnitReportReporter -->
<testsuite hostname="invlko047-Latitude-7490" failures="0" tests="1" name="selauto.ActivityCls" time="194.060" errors="0" timestamp="2023-11-16T15:37:41 IST" skipped="0">
  <testcase classname="selauto.ActivityCls" name="mainTest" time="194.060"/>
  <system-out/>
</testsuite> <!-- selauto.ActivityCls -->
