<?xml version="1.0" encoding="UTF-8"?>
<!-- Generated by org.testng.reporters.JUnitReportReporter -->
<testsuite hostname="invlko047-Latitude-7490" failures="0" tests="1" name="ORCA.koshexAppTest" time="26.553" errors="1" timestamp="2023-12-21T11:47:01 IST" skipped="0">
  <testcase classname="ORCA.koshexAppTest" name="koshexAppTesting" time="26.553">
    <error message="An unknown server-side error occurred while processing the command. Original error: Cannot start the &#039;com.android.dialer&#039; application. Visit https://github.com/appium/appium/blob/master/docs/en/writing-running-appium/android/activity-startup.md for troubleshooting. Original error: Cannot start the &#039;com.android.dialer&#039; application. Visit https://github.com/appium/appium/blob/master/docs/en/writing-running-appium/android/activity-startup.md for troubleshooting. Original error: Activity name &#039;.com.android.dialer.main.impl.MainActivity&#039; used to start the app doesn&#039;t exist or cannot be launched! Make sure it exists and is a launchable activity
Build info: version: &#039;3.141.59&#039;, revision: &#039;e82be7d358&#039;, time: &#039;2018-11-14T08:17:03&#039;
System info: host: &#039;invlko047-Latitude-7490&#039;, ip: &#039;127.0.1.1&#039;, os.name: &#039;Linux&#039;, os.arch: &#039;amd64&#039;, os.version: &#039;6.2.0-39-generic&#039;, java.version: &#039;17.0.6&#039;
Driver info: io.appium.java_client.android.AndroidDriver
Capabilities {adbExecTimeout: 5000, appWaitActivity: io.appium.settings.Settings, appWaitForLaunch: false, appWaitPackage: io.appium.settings, appium-version: 1.22.3, autoGrantPermissions: true, automationName: uiautomator2, clearSystemFiles: true, databaseEnabled: false, desired: {adbExecTimeout: 5000, appWaitActivity: io.appium.settings.Settings, appWaitForLaunch: false, appWaitPackage: io.appium.settings, appium-version: 1.22.3, autoGrantPermissions: true, automationName: uiautomator2, clearSystemFiles: true, deviceName: sb52, fullReset: false, newCommandTimeout: 2000, noReset: true, platformName: android, platformVersion: 12, skipServerInstallation: false, suppressKillServer: true, udid: 472cec8, uiautomator2ServerInstallTimeout: 9000, uiautomator2ServerLaunchTimeout: 9000}, deviceApiLevel: 32, deviceManufacturer: QUALCOMM, deviceModel: Bengal for arm, deviceName: 472cec8, deviceScreenDensity: 240, deviceScreenSize: 720x1280, deviceUDID: 472cec8, fullReset: false, javascriptEnabled: true, locationContextEnabled: false, networkConnectionEnabled: true, newCommandTimeout: 2000, noReset: true, pixelRatio: 1.5, platform: LINUX, platformName: Android, platformVersion: 12, skipServerInstallation: false, statBarHeight: 36, suppressKillServer: true, takesScreenshot: true, udid: 472cec8, uiautomator2ServerInstallTimeout: 9000, uiautomator2ServerLaunchTimeout: 9000, viewportRect: {height: 1172, left: 0, top: 36, width: 720}, warnings: {}, webStorageEnabled: false}
Session ID: 7596de55-d61e-4f51-9146-ac80246ef1f0" type="org.openqa.selenium.WebDriverException">
      <![CDATA[org.openqa.selenium.WebDriverException: An unknown server-side error occurred while processing the command. Original error: Cannot start the 'com.android.dialer' application. Visit https://github.com/appium/appium/blob/master/docs/en/writing-running-appium/android/activity-startup.md for troubleshooting. Original error: Cannot start the 'com.android.dialer' application. Visit https://github.com/appium/appium/blob/master/docs/en/writing-running-appium/android/activity-startup.md for troubleshooting. Original error: Activity name '.com.android.dialer.main.impl.MainActivity' used to start the app doesn't exist or cannot be launched! Make sure it exists and is a launchable activity
Build info: version: '3.141.59', revision: 'e82be7d358', time: '2018-11-14T08:17:03'
System info: host: 'invlko047-Latitude-7490', ip: '127.0.1.1', os.name: 'Linux', os.arch: 'amd64', os.version: '6.2.0-39-generic', java.version: '17.0.6'
Driver info: io.appium.java_client.android.AndroidDriver
Capabilities {adbExecTimeout: 5000, appWaitActivity: io.appium.settings.Settings, appWaitForLaunch: false, appWaitPackage: io.appium.settings, appium-version: 1.22.3, autoGrantPermissions: true, automationName: uiautomator2, clearSystemFiles: true, databaseEnabled: false, desired: {adbExecTimeout: 5000, appWaitActivity: io.appium.settings.Settings, appWaitForLaunch: false, appWaitPackage: io.appium.settings, appium-version: 1.22.3, autoGrantPermissions: true, automationName: uiautomator2, clearSystemFiles: true, deviceName: sb52, fullReset: false, newCommandTimeout: 2000, noReset: true, platformName: android, platformVersion: 12, skipServerInstallation: false, suppressKillServer: true, udid: 472cec8, uiautomator2ServerInstallTimeout: 9000, uiautomator2ServerLaunchTimeout: 9000}, deviceApiLevel: 32, deviceManufacturer: QUALCOMM, deviceModel: Bengal for arm, deviceName: 472cec8, deviceScreenDensity: 240, deviceScreenSize: 720x1280, deviceUDID: 472cec8, fullReset: false, javascriptEnabled: true, locationContextEnabled: false, networkConnectionEnabled: true, newCommandTimeout: 2000, noReset: true, pixelRatio: 1.5, platform: LINUX, platformName: Android, platformVersion: 12, skipServerInstallation: false, statBarHeight: 36, suppressKillServer: true, takesScreenshot: true, udid: 472cec8, uiautomator2ServerInstallTimeout: 9000, uiautomator2ServerLaunchTimeout: 9000, viewportRect: {height: 1172, left: 0, top: 36, width: 720}, warnings: {}, webStorageEnabled: false}
Session ID: 7596de55-d61e-4f51-9146-ac80246ef1f0
at java.base/jdk.internal.reflect.NativeConstructorAccessorImpl.newInstance0(Native Method)
at java.base/jdk.internal.reflect.NativeConstructorAccessorImpl.newInstance(NativeConstructorAccessorImpl.java:77)
at java.base/jdk.internal.reflect.DelegatingConstructorAccessorImpl.newInstance(DelegatingConstructorAccessorImpl.java:45)
at java.base/java.lang.reflect.Constructor.newInstanceWithCaller(Constructor.java:499)
at java.base/java.lang.reflect.Constructor.newInstance(Constructor.java:480)
at org.openqa.selenium.remote.http.W3CHttpResponseCodec.createException(W3CHttpResponseCodec.java:187)
at org.openqa.selenium.remote.http.W3CHttpResponseCodec.decode(W3CHttpResponseCodec.java:122)
at org.openqa.selenium.remote.http.W3CHttpResponseCodec.decode(W3CHttpResponseCodec.java:49)
at org.openqa.selenium.remote.HttpCommandExecutor.execute(HttpCommandExecutor.java:158)
at io.appium.java_client.remote.AppiumCommandExecutor.execute(AppiumCommandExecutor.java:250)
at org.openqa.selenium.remote.RemoteWebDriver.execute(RemoteWebDriver.java:552)
at io.appium.java_client.DefaultGenericMobileDriver.execute(DefaultGenericMobileDriver.java:41)
at io.appium.java_client.AppiumDriver.execute(AppiumDriver.java:1)
at io.appium.java_client.android.AndroidDriver.execute(AndroidDriver.java:1)
at io.appium.java_client.CommandExecutionHelper.execute(CommandExecutionHelper.java:27)
at io.appium.java_client.android.StartsActivity.startActivity(StartsActivity.java:45)
at ORCA.koshexAppTest.koshexAppTesting(koshexAppTest.java:107)
at java.base/jdk.internal.reflect.NativeMethodAccessorImpl.invoke0(Native Method)
at java.base/jdk.internal.reflect.NativeMethodAccessorImpl.invoke(NativeMethodAccessorImpl.java:77)
at java.base/jdk.internal.reflect.DelegatingMethodAccessorImpl.invoke(DelegatingMethodAccessorImpl.java:43)
at java.base/java.lang.reflect.Method.invoke(Method.java:568)
at org.testng.internal.MethodInvocationHelper.invokeMethod(MethodInvocationHelper.java:133)
at org.testng.internal.TestInvoker.invokeMethod(TestInvoker.java:598)
at org.testng.internal.TestInvoker.invokeTestMethod(TestInvoker.java:173)
at org.testng.internal.MethodRunner.runInSequence(MethodRunner.java:46)
at org.testng.internal.TestInvoker$MethodInvocationAgent.invoke(TestInvoker.java:824)
at org.testng.internal.TestInvoker.invokeTestMethods(TestInvoker.java:146)
at org.testng.internal.TestMethodWorker.invokeTestMethods(TestMethodWorker.java:146)
at org.testng.internal.TestMethodWorker.run(TestMethodWorker.java:128)
at java.base/java.util.concurrent.ThreadPoolExecutor.runWorker(ThreadPoolExecutor.java:1136)
at java.base/java.util.concurrent.ThreadPoolExecutor$Worker.run(ThreadPoolExecutor.java:635)
at java.base/java.lang.Thread.run(Thread.java:833)
]]>
    </error>
  </testcase> <!-- koshexAppTesting -->
  <system-out/>
</testsuite> <!-- ORCA.koshexAppTest -->
