<?xml version="1.0" encoding="UTF-8"?>
<!-- Generated by org.testng.reporters.JUnitReportReporter -->
<testsuite hostname="invlko047-Latitude-7490" failures="0" tests="1" name="ORCA.ORCA_I2CAppTest" time="55.229" errors="0" timestamp="2023-12-07T17:09:51 IST" skipped="0">
  <testcase classname="ORCA.ORCA_I2CAppTest" name="ORCA_I2CAppTesting" time="55.229"/>
  <system-out/>
</testsuite> <!-- ORCA.ORCA_I2CAppTest -->
