<?xml version="1.0" encoding="UTF-8"?>
<!-- Generated by org.testng.reporters.JUnitReportReporter -->
<testsuite hostname="invlko047-Latitude-7490" failures="0" tests="1" name="tests.AppiumDemoProj" time="0.004" errors="0" timestamp="2023-11-08T17:13:09 IST" skipped="0">
  <testcase classname="tests.AppiumDemoProj" name="sampleTest" time="0.004"/>
  <system-out/>
</testsuite> <!-- tests.AppiumDemoProj -->
